"File: ADC.c         Assembler  Version HGASM0202      Page 1


   1  0000              ; Generated by holtek-gcc v3.19, Sat Jun 01 20:20:56 2024
   2  0000              ; 
   3  0000              ; Configuration:
   4  0000              ;       without long instruction
   5  0000              ;       Single ROM, Multi-RAM
   6  0000              ;       bits_per_rom_unit:16
   7  0000              ;       with mp1
   8  0000              ;       with tbhp, address(0x9)
   9  0000              ;          Use tabrd-const
  10  0000              ;       
  11  0000              ;       
  12  0000              ;       
  13  0000              ; use 'tabrdc' instead of 'tabrd'
  14  0000              ;       
  15  0000              
  16  0000              #pragma translator "holtek-gcc 4.6.4" "3.19" "build 20130711"
  17  0000              ; Rebuild 718
  18  0000              
  19  0000              ir equ [2]
  20  0000              mp equ [3]
  21  0000              sbp equ [1]
  22  0000              acc equ [5]
  23  0000              bp equ [4]
  24  0000              tblp equ [7]
  25  0000              tbhp equ [9]
  26  0000              status equ [10]
  27  0000              c equ [10].0
  28  0000              ac equ [10].1
  29  0000              z equ [10].2
  30  0000              ov equ [10].3
  31  0000              intc equ [11]
  32  0000              
  33  0000              extern ra:byte
  34  0000              extern rb:byte
  35  0000              extern rc:byte
  36  0000              extern rd:byte
  37  0000              extern re:byte
  38  0000              extern rf:byte
  39  0000              extern rg:byte
  40  0000              extern rh:byte
  41  0000              extern _Crom2Prom:near
  42  0000              extern _Crom2PromNext:near
  43  0000              
  44  0000              RAMBANK 0 @HCCINIT, @HCCINIT0
  45  0000              
  46  0000              RAMBANK 0 @BITDATASEC, @BITDATASEC1
  47  0000              @HCCINIT	.section 'data'
  48  0000              @HCCINIT0	.section 'data'
  49  0000              @BITDATASEC	 .section 'data'
  50  0000              @BITDATASEC1	 .section 'data'
  51  0000              
  52  0000              #pragma debug scope 1 1
  53  0000              	extern __DELAY3:near
  54  0000              	extern __DELAYX3:near
  55  0000              	extern __DELAYX6:near
  56  0000              	extern __DELAYY5:near
  57  0000              	extern __DELAYY3:near
  58  0000              	extern _builtin_holtek_delay_2:byte
  59  0000              ___sadc0 equ [41]
"File: ADC.ASM       Assembler  Version HGASM0202      Page 2

  60  0000              ___sadc1 equ [42]
  61  0000              ___intc0 equ [79]
  62  0000              public _S_ADC_Init
  63  0000              #pragma debug scope 2 1

   9  0000              #line 9 "c:\users\tech\desktop\gasdetector\ADC\ADC.c"
   9  0000              _S_ADC_Init .section 'code'
   9  0000              _S_ADC_Init proc
  11  0000              #line 11 "c:\users\tech\desktop\gasdetector\ADC\ADC.c"
  11  0000  0F07        	mov a,7
  11  0001  00A9        	mov [41],a
  12  0002              #line 12 "c:\users\tech\desktop\gasdetector\ADC\ADC.c"
  12  0002  0F6B        	mov a,107
  12  0003  00AA        	mov [42],a
  13  0004              #line 13 "c:\users\tech\desktop\gasdetector\ADC\ADC.c"
  13  0004  354F        	clr [79].2
  13  0005  0003        	ret
  13  0006              _S_ADC_Init endp
  13  0006              #line 13 "c:\users\tech\desktop\gasdetector\ADC\ADC.c"
  13  0006              #pragma debug scope 1 1
  13  0006              ___vbgc equ [13]
  13  0006              ___sadol equ [39]
  13  0006              ___sadoh equ [40]
  13  0006              public _S_READ_ADC
  13  0006              #pragma debug scope 3 1
  26  0006              #line 26 "c:\users\tech\desktop\gasdetector\ADC\ADC.c"
  26  0000              _S_READ_ADC .section 'code'
  26  0000              _S_READ_ADC proc
  26  0000  00              local _S_READ_ADC_2 db 1 dup(?)	; 0,1
  26  0000  0080     E  	mov ra,a
  26  0001  0080     R  	mov _S_READ_ADC_2[0],a
  26  0002              #pragma debug variable 8 3 _S_READ_ADC_2+0 "CH"
  31  0002              #line 31 "c:\users\tech\desktop\gasdetector\ADC\ADC.c"
  31  0002  0700     E  	mov a,ra
  31  0003  0A00        	sub a,0
  31  0004  3D0A        	sz z
  31  0005  2800     R  	jmp _L4
  31  0006  0A01        	sub a,(1)-(0)
  31  0007  3D0A        	sz z
  31  0008  2800     R  	jmp _L5
  31  0009              #line 31 "c:\users\tech\desktop\gasdetector\ADC\ADC.c"
  31  0009  0700     E  	mov a,ra
  31  000A  0A02        	sub a,2
  31  000B  3D0A        	sz z
  31  000C  2800     R  	jmp _L6
  31  000D  0A01        	sub a,(3)-(2)
  31  000E  3D0A        	sz z
  31  000F  2800     R  	jmp _L7
  31  0010  0700     E  	mov a,ra
  31  0011  0A04        	sub a,4
  31  0012  3D0A        	sz z
  31  0013  2800     R  	jmp _L8
  31  0014  0A01        	sub a,(5)-(4)
  31  0015  3D0A        	sz z
  31  0016  2800     R  	jmp _L9
  31  0017  0700     E  	mov a,ra
  31  0018  0A06        	sub a,6
  31  0019  3D0A        	sz z
  31  001A  2800     R  	jmp _L10
  31  001B  0700     E  	mov a,ra
"File: ADC.c         Assembler  Version HGASM0202      Page 3

  31  001C  0A07        	sub a,7
  31  001D  390A        	snz z
  31  001E  2800     R  	jmp _L3
  55  001F              #line 55 "c:\users\tech\desktop\gasdetector\ADC\ADC.c"
  55  001F  318D        	set [13].3
  56  0020              #line 56 "c:\users\tech\desktop\gasdetector\ADC\ADC.c"
  56  0020  0F97        	mov a,151
  56  0021  00AA        	mov [42],a
  56  0022  2800     R  	jmp _L16
  56  0023              _L4:
  34  0023              #line 34 "c:\users\tech\desktop\gasdetector\ADC\ADC.c"
  34  0023  0F0F        	mov a,15
  34  0024  00AA        	mov [42],a
  34  0025  1F29        	clr [41]
  35  0026              #line 35 "c:\users\tech\desktop\gasdetector\ADC\ADC.c"
  35  0026  2800     R  	jmp _L3
  35  0027              _L5:
  37  0027              #line 37 "c:\users\tech\desktop\gasdetector\ADC\ADC.c"
  37  0027  0F0F        	mov a,15
  37  0028  00AA        	mov [42],a
  37  0029  0F01        	mov a,1
  37  002A  00A9        	mov [41],a
  38  002B              #line 38 "c:\users\tech\desktop\gasdetector\ADC\ADC.c"
  38  002B  2800     R  	jmp _L3
  38  002C              _L6:
  40  002C              #line 40 "c:\users\tech\desktop\gasdetector\ADC\ADC.c"
  40  002C  0F0F        	mov a,15
  40  002D  00AA        	mov [42],a
  40  002E  0F02        	mov a,2
  40  002F  00A9        	mov [41],a
  41  0030              #line 41 "c:\users\tech\desktop\gasdetector\ADC\ADC.c"
  41  0030  2800     R  	jmp _L3
  41  0031              _L7:
  43  0031              #line 43 "c:\users\tech\desktop\gasdetector\ADC\ADC.c"
  43  0031  0F0F        	mov a,15
  43  0032  00AA        	mov [42],a
  43  0033  0F03        	mov a,3
  43  0034  00A9        	mov [41],a
  44  0035              #line 44 "c:\users\tech\desktop\gasdetector\ADC\ADC.c"
  44  0035  2800     R  	jmp _L3
  44  0036              _L8:
  46  0036              #line 46 "c:\users\tech\desktop\gasdetector\ADC\ADC.c"
  46  0036  0F2F        	mov a,47
  46  0037  00AA        	mov [42],a
  46  0038  0F17        	mov a,23
  46  0039  00A9        	mov [41],a
  47  003A              #line 47 "c:\users\tech\desktop\gasdetector\ADC\ADC.c"
  47  003A  2800     R  	jmp _L3
  47  003B              _L9:
  49  003B              #line 49 "c:\users\tech\desktop\gasdetector\ADC\ADC.c"
  49  003B  0F4F        	mov a,79
  49  003C  00AA        	mov [42],a
  49  003D  2800     R  	jmp _L16
  49  003E              _L10:
  52  003E              #line 52 "c:\users\tech\desktop\gasdetector\ADC\ADC.c"
  52  003E  0F6F        	mov a,111
  52  003F  00AA        	mov [42],a
  52  0040              _L16:
  56  0040              #line 56 "c:\users\tech\desktop\gasdetector\ADC\ADC.c"
  56  0040  0F07        	mov a,7
"File: ADC.c         Assembler  Version HGASM0202      Page 4

  56  0041  00A9        	mov [41],a
  56  0042              _L3:
  62  0042              #line 62 "c:\users\tech\desktop\gasdetector\ADC\ADC.c"
  62  0042  32A9        	set [41].5
  63  0043              #line 63 "c:\users\tech\desktop\gasdetector\ADC\ADC.c"
  63  0043              ;# 63 "c:\users\tech\desktop\gasdetector\ADC\ADC.c" 1
  63  0043              	IF 12>263690
  63  0043              ;# 63 "c:\users\tech\desktop\gasdetector\ADC\ADC.c" 1
  63  0043              	ERRMESSAGE 'the value 12of the argument exceeds the maxinum 263690'
  63  0043              	ENDIF
  63  0043              ;# 63 "c:\users\tech\desktop\gasdetector\ADC\ADC.c" 1
  63  0043              	IF 12<0
  63  0043              ;# 63 "c:\users\tech\desktop\gasdetector\ADC\ADC.c" 1
  63  0043              	ERRMESSAGE 'the value 12 of the argument exceeds the mininum 0'
  63  0043              	ENDIF
  63  0043              ;# 63 "c:\users\tech\desktop\gasdetector\ADC\ADC.c" 1
  63  0043              	IF 12==0
  63  0043              ;# 63 "c:\users\tech\desktop\gasdetector\ADC\ADC.c" 1
  63  0043              	JMP $
  63  0043              	ENDIF
  63  0043              ;# 63 "c:\users\tech\desktop\gasdetector\ADC\ADC.c" 1
  63  0043              	IF 12==1
  63  0043              ;# 63 "c:\users\tech\desktop\gasdetector\ADC\ADC.c" 1
  63  0043              	NOP
  63  0043              	ENDIF
  63  0043              ;# 63 "c:\users\tech\desktop\gasdetector\ADC\ADC.c" 1
  63  0043              	IF 12==2
  63  0043              ;# 63 "c:\users\tech\desktop\gasdetector\ADC\ADC.c" 1
  63  0043              	NOP
  63  0043              ;# 63 "c:\users\tech\desktop\gasdetector\ADC\ADC.c" 1
  63  0043              	NOP
  63  0043              	ENDIF
  63  0043              ;# 63 "c:\users\tech\desktop\gasdetector\ADC\ADC.c" 1
  63  0043              	IF 12==3
  63  0043              ;# 63 "c:\users\tech\desktop\gasdetector\ADC\ADC.c" 1
  63  0043              	NOP
  63  0043              ;# 63 "c:\users\tech\desktop\gasdetector\ADC\ADC.c" 1
  63  0043              	NOP
  63  0043              ;# 63 "c:\users\tech\desktop\gasdetector\ADC\ADC.c" 1
  63  0043              	NOP
  63  0043              	ENDIF
  63  0043              ;# 63 "c:\users\tech\desktop\gasdetector\ADC\ADC.c" 1
  63  0043              	IF (12<8) AND (12>3)
  63  0043              ;# 63 "c:\users\tech\desktop\gasdetector\ADC\ADC.c" 1
  63  0043              	CALL __DELAY3 + 7 -12
  63  0043              	ENDIF
  63  0043              ;# 63 "c:\users\tech\desktop\gasdetector\ADC\ADC.c" 1
  63  0043              	IF (12< 0404h) AND (12>7)
  63  0043              ;# 63 "c:\users\tech\desktop\gasdetector\ADC\ADC.c" 1
  63  0043  0F02        	MOV A,12/4-1
  63  0044              ;# 63 "c:\users\tech\desktop\gasdetector\ADC\ADC.c" 1
  63  0044  2000     E  	CALL __DELAYX3 + 3 -(12 MOD 4)
  63  0045              	ENDIF
  63  0045              ;# 63 "c:\users\tech\desktop\gasdetector\ADC\ADC.c" 1
  63  0045              	IF (12< 0x40B) AND (12> 0403h)
  63  0045              ;# 63 "c:\users\tech\desktop\gasdetector\ADC\ADC.c" 1
  63  0045              	MOV A,0 
  63  0045              ;# 63 "c:\users\tech\desktop\gasdetector\ADC\ADC.c" 1
  63  0045              	CALL __DELAYX6 + 0x40a -12
  63  0045              	ENDIF
"File: ADC.c         Assembler  Version HGASM0202      Page 5

  63  0045              ;# 63 "c:\users\tech\desktop\gasdetector\ADC\ADC.c" 1
  63  0045              	IF (12 >= 0x40b) AND ((((12-9)%0402h)/4+1)>256)
  63  0045              ;# 63 "c:\users\tech\desktop\gasdetector\ADC\ADC.c" 1
  63  0045              	MOV A,(12-9)/0402h
  63  0045              ;# 63 "c:\users\tech\desktop\gasdetector\ADC\ADC.c" 1
  63  0045              	MOV _builtin_holtek_delay_2,A
  63  0045              ;# 63 "c:\users\tech\desktop\gasdetector\ADC\ADC.c" 1
  63  0045              	MOV A,0
  63  0045              ;# 63 "c:\users\tech\desktop\gasdetector\ADC\ADC.c" 1
  63  0045              	CALL __DELAYY5 +5- (((12-9)%0402h)%6)
  63  0045              	ENDIF
  63  0045              ;# 63 "c:\users\tech\desktop\gasdetector\ADC\ADC.c" 1
  63  0045              	IF (12 >= 0x40b) AND ((((12-9)%0402h)/4+1)<=256)
  63  0045              ;# 63 "c:\users\tech\desktop\gasdetector\ADC\ADC.c" 1
  63  0045              	MOV A,(12-9)/0402h
  63  0045              ;# 63 "c:\users\tech\desktop\gasdetector\ADC\ADC.c" 1
  63  0045              	MOV _builtin_holtek_delay_2,A
  63  0045              ;# 63 "c:\users\tech\desktop\gasdetector\ADC\ADC.c" 1
  63  0045              	MOV A,((12-9)%0402h)/4+1
  63  0045              ;# 63 "c:\users\tech\desktop\gasdetector\ADC\ADC.c" 1
  63  0045              	CALL __DELAYY3 +3-(((12-9)%0402h)%4)
  63  0045              	ENDIF
  64  0045              #line 64 "c:\users\tech\desktop\gasdetector\ADC\ADC.c"
  64  0045  37A9        	clr [41].7
  65  0046              #line 65 "c:\users\tech\desktop\gasdetector\ADC\ADC.c"
  65  0046  33A9        	set [41].7
  66  0047              #line 66 "c:\users\tech\desktop\gasdetector\ADC\ADC.c"
  66  0047  37A9        	clr [41].7
  66  0048              _L13:
  67  0048              #line 67 "c:\users\tech\desktop\gasdetector\ADC\ADC.c"
  67  0048  3F29        	sz [41].6
  67  0049  2800     R  	jmp _L13
  68  004A              #line 68 "c:\users\tech\desktop\gasdetector\ADC\ADC.c"
  68  004A  36A9        	clr [41].5
  80  004B              #line 80 "c:\users\tech\desktop\gasdetector\ADC\ADC.c"
  80  004B  3A29        	snz [41].4
  80  004C  2800     R  	jmp _L14
  82  004D              #line 82 "c:\users\tech\desktop\gasdetector\ADC\ADC.c"
  82  004D  0728        	mov a,[40]
  82  004E  0080     E  	mov rc,a
  82  004F  1F00     E  	clr rb
  82  0050  0700     E  	mov a,rc
  82  0051  0080     E  	mov re,a
  82  0052  0727        	mov a,[39]
  82  0053  0500     E  	or a,rb
  82  0054  0080     E  	mov rd,a
  82  0055  0700     E  	mov a,rd
  82  0056  0080     E  	mov ra,a
  82  0057  0700     E  	mov a,re
  82  0058  0080     E  	mov rb,a
  82  0059  2800     R  	jmp _L15
  82  005A              _L14:
  86  005A              #line 86 "c:\users\tech\desktop\gasdetector\ADC\ADC.c"
  86  005A  0728        	mov a,[40]
  86  005B  0080     E  	mov rb,a
  86  005C  1F00     E  	clr rc
  86  005D  340A        	clr c
  86  005E  1A80     E  	rlc rb
  86  005F  1A80     E  	rlc rc
  86  0060  340A        	clr c
"File: ADC.c         Assembler  Version HGASM0202      Page 6

  86  0061  1A80     E  	rlc rb
  86  0062  1A80     E  	rlc rc
  86  0063  1827        	rla [39]
  86  0064  1885        	rl acc
  86  0065  0E03        	and a,3
  86  0066  0080     E  	mov rd,a
  86  0067  1F00     E  	clr re
  86  0068  0700     E  	mov a,rc
  86  0069  0500     E  	or a,re
  86  006A  0080     E  	mov rg,a
  86  006B  0700     E  	mov a,rb
  86  006C  0500     E  	or a,rd
  86  006D  0080     E  	mov rf,a
  86  006E  0700     E  	mov a,rf
  86  006F  0080     E  	mov ra,a
  86  0070  0700     E  	mov a,rg
  86  0071  0080     E  	mov rb,a
  86  0072              _L15:
  86  0072  0003        	ret
  86  0073              _S_READ_ADC endp
  86  0073              #line 86 "c:\users\tech\desktop\gasdetector\ADC\ADC.c"
  86  0073              #pragma debug scope 1 1
  86  0073              #pragma debug struct_end
  86  0073              #pragma debug struct_end
  86  0073              #pragma debug union_end
  86  0073              #pragma debug union_end
  86  0073              #pragma debug variable 43 1 ___vbgc "__vbgc" 1
  86  0073              #pragma debug variable 8 1 ___sadol "__sadol" 1
  86  0073              #pragma debug variable 8 1 ___sadoh "__sadoh" 1
  86  0073              #pragma debug struct_end
  86  0073              #pragma debug struct_end
  86  0073              #pragma debug union_end
  86  0073              #pragma debug union_end
  86  0073              #pragma debug variable 45 1 ___sadc0 "__sadc0" 1
  86  0073              #pragma debug struct_end
  86  0073              #pragma debug struct_end
  86  0073              #pragma debug union_end
  86  0073              #pragma debug union_end
  86  0073              #pragma debug variable 47 1 ___sadc1 "__sadc1" 1
  86  0073              #pragma debug struct_end
  86  0073              #pragma debug struct_end
  86  0073              #pragma debug union_end
  86  0073              #pragma debug union_end
  86  0073              #pragma debug variable 49 1 ___intc0 "__intc0" 1
  86  0073              
  86  0073              ; 
  86  0073              ; Generated by holtek-gcc v3.19, Sat Jun 01 20:20:56 2024
  86  0073              ; Rebuild 718
  86  0073              ; end of file


        0 Errors, 0