"File: Display.c     Assembler  Version HGASM0202      Page 1


   1  0000              ; Generated by holtek-gcc v3.19, Sat Jun 01 20:20:56 2024
   2  0000              ; 
   3  0000              ; Configuration:
   4  0000              ;       without long instruction
   5  0000              ;       Single ROM, Multi-RAM
   6  0000              ;       bits_per_rom_unit:16
   7  0000              ;       with mp1
   8  0000              ;       with tbhp, address(0x9)
   9  0000              ;          Use tabrd-const
  10  0000              ;       
  11  0000              ;       
  12  0000              ;       
  13  0000              ; use 'tabrdc' instead of 'tabrd'
  14  0000              ;       
  15  0000              
  16  0000              #pragma translator "holtek-gcc 4.6.4" "3.19" "build 20130711"
  17  0000              ; Rebuild 718
  18  0000              
  19  0000              ir equ [2]
  20  0000              mp equ [3]
  21  0000              sbp equ [1]
  22  0000              acc equ [5]
  23  0000              bp equ [4]
  24  0000              tblp equ [7]
  25  0000              tbhp equ [9]
  26  0000              status equ [10]
  27  0000              c equ [10].0
  28  0000              ac equ [10].1
  29  0000              z equ [10].2
  30  0000              ov equ [10].3
  31  0000              intc equ [11]
  32  0000              
  33  0000              extern ra:byte
  34  0000              extern rb:byte
  35  0000              extern rc:byte
  36  0000              extern rd:byte
  37  0000              extern re:byte
  38  0000              extern rf:byte
  39  0000              extern rg:byte
  40  0000              extern rh:byte
  41  0000              extern _Crom2Prom:near
  42  0000              extern _Crom2PromNext:near
  43  0000              
  44  0000              RAMBANK 0 @HCCINIT, @HCCINIT0
  45  0000              
  46  0000              RAMBANK 0 @BITDATASEC, @BITDATASEC1
  47  0000              @HCCINIT	.section 'data'
  48  0000              @HCCINIT0	.section 'data'
  49  0000              @BITDATASEC	 .section 'data'
  50  0000              @BITDATASEC1	 .section 'data'
  51  0000              
  52  0000              #pragma debug scope 1 1
  53  0000              	extern __DELAY3:near
  54  0000              	extern __DELAYX3:near
  55  0000              	extern __DELAYX6:near
  56  0000              	extern __DELAYY5:near
  57  0000              	extern __DELAYY3:near
  58  0000              	extern _builtin_holtek_delay_2:byte
  59  0000              ___pb equ [27]
"File: Display.ASM   Assembler  Version HGASM0202      Page 2

  60  0000              ___pc equ [31]
  61  0000              ___pd equ [35]
  62  0000              ___pa equ [20]
  63  0000              public _DisplayInit
  64  0000              #pragma debug scope 2 1

   4  0000              #line 4 "c:\users\tech\desktop\gasdetector\Display\Display.c"
   4  0000              _DisplayInit .section 'code'
   4  0000              _DisplayInit proc
   6  0000              #line 6 "c:\users\tech\desktop\gasdetector\Display\Display.c"
   6  0000  329B        	set [27].5
   7  0001              #line 7 "c:\users\tech\desktop\gasdetector\Display\Display.c"
   7  0001  331B        	set [27].6
   8  0002              #line 8 "c:\users\tech\desktop\gasdetector\Display\Display.c"
   8  0002  339B        	set [27].7
   9  0003              #line 9 "c:\users\tech\desktop\gasdetector\Display\Display.c"
   9  0003  321B        	set [27].4
  10  0004              #line 10 "c:\users\tech\desktop\gasdetector\Display\Display.c"
  10  0004  379F        	clr [31].7
  11  0005              #line 11 "c:\users\tech\desktop\gasdetector\Display\Display.c"
  11  0005  3423        	clr [35].0
  12  0006              #line 12 "c:\users\tech\desktop\gasdetector\Display\Display.c"
  12  0006  361F        	clr [31].4
  13  0007              #line 13 "c:\users\tech\desktop\gasdetector\Display\Display.c"
  13  0007  3794        	clr [20].7
  14  0008              #line 14 "c:\users\tech\desktop\gasdetector\Display\Display.c"
  14  0008  371F        	clr [31].6
  15  0009              #line 15 "c:\users\tech\desktop\gasdetector\Display\Display.c"
  15  0009  34A3        	clr [35].1
  16  000A              #line 16 "c:\users\tech\desktop\gasdetector\Display\Display.c"
  16  000A  359F        	clr [31].3
  16  000B  0003        	ret
  16  000C              _DisplayInit endp
  16  000C              #line 16 "c:\users\tech\desktop\gasdetector\Display\Display.c"
  16  000C              #pragma debug scope 1 1
  16  000C              public _segmentNumbers
  16  000C              #pragma debug scope 3 1
  20  000C              #line 20 "c:\users\tech\desktop\gasdetector\Display\Display.c"
  20  0000              _segmentNumbers .section 'code'
  20  0000              _segmentNumbers proc
  20  0000  00              local _segmentNumbers_2 db 1 dup(?)	; 0,1
  20  0000  0080     E  	mov ra,a
  20  0001  0080     R  	mov _segmentNumbers_2[0],a
  20  0002              #pragma debug variable 8 3 _segmentNumbers_2+0 "n"
  22  0002              #line 22 "c:\users\tech\desktop\gasdetector\Display\Display.c"
  22  0002  0700     E  	mov a,ra
  22  0003  0A00        	sub a,0
  22  0004  3D0A        	sz z
  22  0005  2800     R  	jmp _L4
  22  0006  0A01        	sub a,(1)-(0)
  22  0007  3D0A        	sz z
  22  0008  2800     R  	jmp _L5
  22  0009              #line 22 "c:\users\tech\desktop\gasdetector\Display\Display.c"
  22  0009  0700     E  	mov a,ra
  22  000A  0A02        	sub a,2
  22  000B  3D0A        	sz z
  22  000C  2800     R  	jmp _L6
  22  000D  0A01        	sub a,(3)-(2)
  22  000E  3D0A        	sz z
  22  000F  2800     R  	jmp _L7
"File: Display.c     Assembler  Version HGASM0202      Page 3

  22  0010  0700     E  	mov a,ra
  22  0011  0A04        	sub a,4
  22  0012  3D0A        	sz z
  22  0013  2800     R  	jmp _L8
  22  0014  0A01        	sub a,(5)-(4)
  22  0015  3D0A        	sz z
  22  0016  2800     R  	jmp _L9
  22  0017  0700     E  	mov a,ra
  22  0018  0A06        	sub a,6
  22  0019  3D0A        	sz z
  22  001A  2800     R  	jmp _L10
  22  001B  0A01        	sub a,(7)-(6)
  22  001C  3D0A        	sz z
  22  001D  2800     R  	jmp _L11
  22  001E  0700     E  	mov a,ra
  22  001F  0A08        	sub a,8
  22  0020  3D0A        	sz z
  22  0021  2800     R  	jmp _L12
  22  0022  0A01        	sub a,(9)-(8)
  22  0023  3D0A        	sz z
  22  0024  2800     R  	jmp _L13
  22  0025  0700     E  	mov a,ra
  22  0026  0A2D        	sub a,45
  22  0027  3D0A        	sz z
  22  0028  2800     R  	jmp _L14
  22  0029  0A35        	sub a,(98)-(45)
  22  002A  3D0A        	sz z
  22  002B  2800     R  	jmp _L15
  22  002C  0700     E  	mov a,ra
  22  002D  0A6C        	sub a,108
  22  002E  3D0A        	sz z
  22  002F  2800     R  	jmp _L16
  22  0030  0A02        	sub a,(110)-(108)
  22  0031  3D0A        	sz z
  22  0032  2800     R  	jmp _L17
  22  0033  0700     E  	mov a,ra
  22  0034  0A6F        	sub a,111
  22  0035  390A        	snz z
  22  0036  2800     R  	jmp _L2
 143  0037              #line 143 "c:\users\tech\desktop\gasdetector\Display\Display.c"
 143  0037  339F        	set [31].7
 144  0038              #line 144 "c:\users\tech\desktop\gasdetector\Display\Display.c"
 144  0038  3023        	set [35].0
 145  0039              #line 145 "c:\users\tech\desktop\gasdetector\Display\Display.c"
 145  0039  361F        	clr [31].4
 145  003A  2800     R  	jmp _L26
 145  003B              _L4:
  25  003B              #line 25 "c:\users\tech\desktop\gasdetector\Display\Display.c"
  25  003B  379F        	clr [31].7
  26  003C              #line 26 "c:\users\tech\desktop\gasdetector\Display\Display.c"
  26  003C  3423        	clr [35].0
  27  003D              #line 27 "c:\users\tech\desktop\gasdetector\Display\Display.c"
  27  003D  361F        	clr [31].4
  27  003E  2800     R  	jmp _L20
  27  003F              _L5:
  34  003F              #line 34 "c:\users\tech\desktop\gasdetector\Display\Display.c"
  34  003F  339F        	set [31].7
  34  0040  2800     R  	jmp _L24
  34  0041              _L6:
  43  0041              #line 43 "c:\users\tech\desktop\gasdetector\Display\Display.c"
"File: Display.c     Assembler  Version HGASM0202      Page 4

  43  0041  379F        	clr [31].7
  44  0042              #line 44 "c:\users\tech\desktop\gasdetector\Display\Display.c"
  44  0042  3423        	clr [35].0
  45  0043              #line 45 "c:\users\tech\desktop\gasdetector\Display\Display.c"
  45  0043  321F        	set [31].4
  45  0044  2800     R  	jmp _L26
  45  0045              _L7:
  52  0045              #line 52 "c:\users\tech\desktop\gasdetector\Display\Display.c"
  52  0045  379F        	clr [31].7
  53  0046              #line 53 "c:\users\tech\desktop\gasdetector\Display\Display.c"
  53  0046  3423        	clr [35].0
  54  0047              #line 54 "c:\users\tech\desktop\gasdetector\Display\Display.c"
  54  0047  361F        	clr [31].4
  55  0048              #line 55 "c:\users\tech\desktop\gasdetector\Display\Display.c"
  55  0048  3794        	clr [20].7
  55  0049  2800     R  	jmp _L23
  55  004A              _L8:
  61  004A              #line 61 "c:\users\tech\desktop\gasdetector\Display\Display.c"
  61  004A  339F        	set [31].7
  62  004B              #line 62 "c:\users\tech\desktop\gasdetector\Display\Display.c"
  62  004B  3423        	clr [35].0
  63  004C              #line 63 "c:\users\tech\desktop\gasdetector\Display\Display.c"
  63  004C  361F        	clr [31].4
  64  004D              #line 64 "c:\users\tech\desktop\gasdetector\Display\Display.c"
  64  004D  3394        	set [20].7
  64  004E  2800     R  	jmp _L30
  64  004F              _L9:
  70  004F              #line 70 "c:\users\tech\desktop\gasdetector\Display\Display.c"
  70  004F  379F        	clr [31].7
  71  0050              #line 71 "c:\users\tech\desktop\gasdetector\Display\Display.c"
  71  0050  3023        	set [35].0
  71  0051  2800     R  	jmp _L31
  71  0052              _L10:
  79  0052              #line 79 "c:\users\tech\desktop\gasdetector\Display\Display.c"
  79  0052  379F        	clr [31].7
  79  0053  2800     R  	jmp _L28
  79  0054              _L11:
  88  0054              #line 88 "c:\users\tech\desktop\gasdetector\Display\Display.c"
  88  0054  379F        	clr [31].7
  88  0055              _L24:
  89  0055              #line 89 "c:\users\tech\desktop\gasdetector\Display\Display.c"
  89  0055  3423        	clr [35].0
  90  0056              #line 90 "c:\users\tech\desktop\gasdetector\Display\Display.c"
  90  0056  361F        	clr [31].4
  91  0057              #line 91 "c:\users\tech\desktop\gasdetector\Display\Display.c"
  91  0057  3394        	set [20].7
  92  0058              #line 92 "c:\users\tech\desktop\gasdetector\Display\Display.c"
  92  0058  331F        	set [31].6
  93  0059              #line 93 "c:\users\tech\desktop\gasdetector\Display\Display.c"
  93  0059  30A3        	set [35].1
  93  005A  2800     R  	jmp _L22
  93  005B              _L12:
  97  005B              #line 97 "c:\users\tech\desktop\gasdetector\Display\Display.c"
  97  005B  379F        	clr [31].7
  98  005C              #line 98 "c:\users\tech\desktop\gasdetector\Display\Display.c"
  98  005C  3423        	clr [35].0
  98  005D  2800     R  	jmp _L29
  98  005E              _L13:
 106  005E              #line 106 "c:\users\tech\desktop\gasdetector\Display\Display.c"
 106  005E  379F        	clr [31].7
"File: Display.c     Assembler  Version HGASM0202      Page 5

 107  005F              #line 107 "c:\users\tech\desktop\gasdetector\Display\Display.c"
 107  005F  3423        	clr [35].0
 107  0060              _L31:
 108  0060              #line 108 "c:\users\tech\desktop\gasdetector\Display\Display.c"
 108  0060  361F        	clr [31].4
 109  0061              #line 109 "c:\users\tech\desktop\gasdetector\Display\Display.c"
 109  0061  3794        	clr [20].7
 109  0062              _L30:
 110  0062              #line 110 "c:\users\tech\desktop\gasdetector\Display\Display.c"
 110  0062  331F        	set [31].6
 110  0063  2800     R  	jmp _L27
 110  0064              _L15:
 116  0064              #line 116 "c:\users\tech\desktop\gasdetector\Display\Display.c"
 116  0064  339F        	set [31].7
 116  0065              _L28:
 117  0065              #line 117 "c:\users\tech\desktop\gasdetector\Display\Display.c"
 117  0065  3023        	set [35].0
 117  0066              _L29:
 118  0066              #line 118 "c:\users\tech\desktop\gasdetector\Display\Display.c"
 118  0066  361F        	clr [31].4
 119  0067              #line 119 "c:\users\tech\desktop\gasdetector\Display\Display.c"
 119  0067  3794        	clr [20].7
 120  0068              #line 120 "c:\users\tech\desktop\gasdetector\Display\Display.c"
 120  0068  371F        	clr [31].6
 120  0069              _L27:
 121  0069              #line 121 "c:\users\tech\desktop\gasdetector\Display\Display.c"
 121  0069  34A3        	clr [35].1
 121  006A  2800     R  	jmp _L21
 121  006B              _L16:
 125  006B              #line 125 "c:\users\tech\desktop\gasdetector\Display\Display.c"
 125  006B  339F        	set [31].7
 126  006C              #line 126 "c:\users\tech\desktop\gasdetector\Display\Display.c"
 126  006C  3023        	set [35].0
 127  006D              #line 127 "c:\users\tech\desktop\gasdetector\Display\Display.c"
 127  006D  321F        	set [31].4
 127  006E              _L20:
 128  006E              #line 128 "c:\users\tech\desktop\gasdetector\Display\Display.c"
 128  006E  3794        	clr [20].7
 129  006F              #line 129 "c:\users\tech\desktop\gasdetector\Display\Display.c"
 129  006F  371F        	clr [31].6
 130  0070              #line 130 "c:\users\tech\desktop\gasdetector\Display\Display.c"
 130  0070  34A3        	clr [35].1
 130  0071              _L22:
 131  0071              #line 131 "c:\users\tech\desktop\gasdetector\Display\Display.c"
 131  0071  319F        	set [31].3
 132  0072              #line 132 "c:\users\tech\desktop\gasdetector\Display\Display.c"
 132  0072  2800     R  	jmp _L2
 132  0073              _L17:
 134  0073              #line 134 "c:\users\tech\desktop\gasdetector\Display\Display.c"
 134  0073  339F        	set [31].7
 135  0074              #line 135 "c:\users\tech\desktop\gasdetector\Display\Display.c"
 135  0074  3023        	set [35].0
 136  0075              #line 136 "c:\users\tech\desktop\gasdetector\Display\Display.c"
 136  0075  361F        	clr [31].4
 137  0076              #line 137 "c:\users\tech\desktop\gasdetector\Display\Display.c"
 137  0076  3394        	set [20].7
 137  0077  2800     R  	jmp _L25
 137  0078              _L26:
 146  0078              #line 146 "c:\users\tech\desktop\gasdetector\Display\Display.c"
 146  0078  3794        	clr [20].7
"File: Display.c     Assembler  Version HGASM0202      Page 6

 146  0079              _L25:
 147  0079              #line 147 "c:\users\tech\desktop\gasdetector\Display\Display.c"
 147  0079  371F        	clr [31].6
 147  007A  2800     R  	jmp _L19
 147  007B              _L14:
 152  007B              #line 152 "c:\users\tech\desktop\gasdetector\Display\Display.c"
 152  007B  339F        	set [31].7
 153  007C              #line 153 "c:\users\tech\desktop\gasdetector\Display\Display.c"
 153  007C  3023        	set [35].0
 154  007D              #line 154 "c:\users\tech\desktop\gasdetector\Display\Display.c"
 154  007D  321F        	set [31].4
 155  007E              #line 155 "c:\users\tech\desktop\gasdetector\Display\Display.c"
 155  007E  3394        	set [20].7
 155  007F              _L23:
 156  007F              #line 156 "c:\users\tech\desktop\gasdetector\Display\Display.c"
 156  007F  331F        	set [31].6
 156  0080              _L19:
 157  0080              #line 157 "c:\users\tech\desktop\gasdetector\Display\Display.c"
 157  0080  30A3        	set [35].1
 157  0081              _L21:
 158  0081              #line 158 "c:\users\tech\desktop\gasdetector\Display\Display.c"
 158  0081  359F        	clr [31].3
 158  0082              _L2:
 158  0082  0003        	ret
 158  0083              _segmentNumbers endp
 158  0083              #line 158 "c:\users\tech\desktop\gasdetector\Display\Display.c"
 158  0083              #pragma debug scope 1 1
 158  0083              public _segmentCharacters
 158  0083              #pragma debug scope 4 1
 163  0083              #line 163 "c:\users\tech\desktop\gasdetector\Display\Display.c"
 163  0000              _segmentCharacters .section 'code'
 163  0000              _segmentCharacters proc
 163  0000  00              local _segmentCharacters_2 db 1 dup(?)	; 0,1
 163  0000  0080     E  	mov ra,a
 163  0001  0080     R  	mov _segmentCharacters_2[0],a
 163  0002              #pragma debug variable 8 4 _segmentCharacters_2+0 "n"
 165  0002              #line 165 "c:\users\tech\desktop\gasdetector\Display\Display.c"
 165  0002  0700     E  	mov a,ra
 165  0003  0A2D        	sub a,45
 165  0004  3D0A        	sz z
 165  0005  2800     R  	jmp _L35
 165  0006  0A35        	sub a,(98)-(45)
 165  0007  3D0A        	sz z
 165  0008  2800     R  	jmp _L36
 165  0009              #line 165 "c:\users\tech\desktop\gasdetector\Display\Display.c"
 165  0009  0700     E  	mov a,ra
 165  000A  0A6C        	sub a,108
 165  000B  3D0A        	sz z
 165  000C  2800     R  	jmp _L37
 165  000D  0A02        	sub a,(110)-(108)
 165  000E  3D0A        	sz z
 165  000F  2800     R  	jmp _L38
 165  0010  0700     E  	mov a,ra
 165  0011  0A6F        	sub a,111
 165  0012  390A        	snz z
 165  0013  2800     R  	jmp _L33
 196  0014              #line 196 "c:\users\tech\desktop\gasdetector\Display\Display.c"
 196  0014  339F        	set [31].7
 197  0015              #line 197 "c:\users\tech\desktop\gasdetector\Display\Display.c"
 197  0015  3023        	set [35].0
"File: Display.c     Assembler  Version HGASM0202      Page 7

 198  0016              #line 198 "c:\users\tech\desktop\gasdetector\Display\Display.c"
 198  0016  361F        	clr [31].4
 199  0017              #line 199 "c:\users\tech\desktop\gasdetector\Display\Display.c"
 199  0017  3794        	clr [20].7
 199  0018  2800     R  	jmp _L40
 199  0019              _L36:
 169  0019              #line 169 "c:\users\tech\desktop\gasdetector\Display\Display.c"
 169  0019  339F        	set [31].7
 170  001A              #line 170 "c:\users\tech\desktop\gasdetector\Display\Display.c"
 170  001A  3023        	set [35].0
 171  001B              #line 171 "c:\users\tech\desktop\gasdetector\Display\Display.c"
 171  001B  361F        	clr [31].4
 172  001C              #line 172 "c:\users\tech\desktop\gasdetector\Display\Display.c"
 172  001C  3794        	clr [20].7
 173  001D              #line 173 "c:\users\tech\desktop\gasdetector\Display\Display.c"
 173  001D  371F        	clr [31].6
 174  001E              #line 174 "c:\users\tech\desktop\gasdetector\Display\Display.c"
 174  001E  34A3        	clr [35].1
 174  001F  2800     R  	jmp _L41
 174  0020              _L37:
 178  0020              #line 178 "c:\users\tech\desktop\gasdetector\Display\Display.c"
 178  0020  339F        	set [31].7
 179  0021              #line 179 "c:\users\tech\desktop\gasdetector\Display\Display.c"
 179  0021  3023        	set [35].0
 180  0022              #line 180 "c:\users\tech\desktop\gasdetector\Display\Display.c"
 180  0022  321F        	set [31].4
 181  0023              #line 181 "c:\users\tech\desktop\gasdetector\Display\Display.c"
 181  0023  3794        	clr [20].7
 182  0024              #line 182 "c:\users\tech\desktop\gasdetector\Display\Display.c"
 182  0024  371F        	clr [31].6
 183  0025              #line 183 "c:\users\tech\desktop\gasdetector\Display\Display.c"
 183  0025  34A3        	clr [35].1
 184  0026              #line 184 "c:\users\tech\desktop\gasdetector\Display\Display.c"
 184  0026  319F        	set [31].3
 185  0027              #line 185 "c:\users\tech\desktop\gasdetector\Display\Display.c"
 185  0027  2800     R  	jmp _L33
 185  0028              _L38:
 187  0028              #line 187 "c:\users\tech\desktop\gasdetector\Display\Display.c"
 187  0028  339F        	set [31].7
 188  0029              #line 188 "c:\users\tech\desktop\gasdetector\Display\Display.c"
 188  0029  3023        	set [35].0
 189  002A              #line 189 "c:\users\tech\desktop\gasdetector\Display\Display.c"
 189  002A  361F        	clr [31].4
 190  002B              #line 190 "c:\users\tech\desktop\gasdetector\Display\Display.c"
 190  002B  3394        	set [20].7
 190  002C              _L40:
 200  002C              #line 200 "c:\users\tech\desktop\gasdetector\Display\Display.c"
 200  002C  371F        	clr [31].6
 201  002D              #line 201 "c:\users\tech\desktop\gasdetector\Display\Display.c"
 201  002D  30A3        	set [35].1
 201  002E              _L41:
 202  002E              #line 202 "c:\users\tech\desktop\gasdetector\Display\Display.c"
 202  002E  359F        	clr [31].3
 203  002F              #line 203 "c:\users\tech\desktop\gasdetector\Display\Display.c"
 203  002F  2800     R  	jmp _L33
 203  0030              _L35:
 205  0030              #line 205 "c:\users\tech\desktop\gasdetector\Display\Display.c"
 205  0030  339F        	set [31].7
 206  0031              #line 206 "c:\users\tech\desktop\gasdetector\Display\Display.c"
 206  0031  3023        	set [35].0
"File: Display.c     Assembler  Version HGASM0202      Page 8

 207  0032              #line 207 "c:\users\tech\desktop\gasdetector\Display\Display.c"
 207  0032  321F        	set [31].4
 207  0033              _L33:
 207  0033  0003        	ret
 207  0034              _segmentCharacters endp
 207  0034              #line 207 "c:\users\tech\desktop\gasdetector\Display\Display.c"
 207  0034              #pragma debug scope 1 1
 207  0034              public _Display
 207  0034              #pragma debug scope 5 1
 211  0034              #line 211 "c:\users\tech\desktop\gasdetector\Display\Display.c"
 211  0000              _Display .section 'code'
 211  0000              _Display proc
 211  0000              public _Display_2
 211  0000  0004[           local _Display_2 db 4 dup(?)	; 4,0
            00
            ]
 211  0004              #pragma debug variable 11 5 _Display_2+0 "number"
 211  0004              #pragma debug variable 7 5 _Display_2+2 "character"
 211  0004              #pragma debug variable 7 5 _Display_2+3 "clock"
 213  0004              #line 213 "c:\users\tech\desktop\gasdetector\Display\Display.c"
 213  0000  0700     R  	mov a,_Display_2[3]
 213  0001  0080     R  	mov ___indexDigit_1745[0],a
 285  0002              #line 285 "c:\users\tech\desktop\gasdetector\Display\Display.c"
 285  0002  0700     R  	mov a,_Display_2[3]
 285  0003  0A00        	sub a,0
 285  0004  3D0A        	sz z
 285  0005  2800     R  	jmp _L44
 285  0006  0A01        	sub a,(1)-(0)
 285  0007  3D0A        	sz z
 285  0008  2800     R  	jmp _L45
 285  0009              #line 285 "c:\users\tech\desktop\gasdetector\Display\Display.c"
 285  0009  0700     R  	mov a,_Display_2[3]
 285  000A  0A02        	sub a,2
 285  000B  3D0A        	sz z
 285  000C  2800     R  	jmp _L46
 285  000D  0700     R  	mov a,_Display_2[3]
 285  000E  0A03        	sub a,3
 285  000F  390A        	snz z
 285  0010  2800     R  	jmp _L42
 313  0011              #line 313 "c:\users\tech\desktop\gasdetector\Display\Display.c"
 313  0011  0700     R  	mov a,_Display_2[0]
 313  0012  0080     E  	mov _builtin_holtek_udivmodhi4_2[0],a
 313  0013  0700     R  	mov a,_Display_2[1]
 313  0014  0080     E  	mov _builtin_holtek_udivmodhi4_2[1],a
 313  0015  0F0A        	mov a,10
 313  0016  0080     E  	mov _builtin_holtek_udivmodhi4_2[2],a
 313  0017  0F00        	mov a,0
 313  0018  0080     E  	mov _builtin_holtek_udivmodhi4_2[3],a
 313  0019  2000     E  	call _builtin_holtek_divmodhi4
 313  001A  0700     E  	mov a,_builtin_holtek_udivmodhi4_2[4]
 313  001B  0080     E  	mov rb,a
 313  001C  0700     E  	mov a,_builtin_holtek_udivmodhi4_2[5]
 313  001D  0080     E  	mov rc,a
 313  001E  0700     E  	mov a,rb
 313  001F  2000     R  	call _segmentNumbers
 314  0020              #line 314 "c:\users\tech\desktop\gasdetector\Display\Display.c"
 314  0020  369B        	clr [27].5
 315  0021              #line 315 "c:\users\tech\desktop\gasdetector\Display\Display.c"
 315  0021  371B        	clr [27].6
 316  0022              #line 316 "c:\users\tech\desktop\gasdetector\Display\Display.c"
"File: Display.c     Assembler  Version HGASM0202      Page 9

 316  0022  379B        	clr [27].7
 317  0023              #line 317 "c:\users\tech\desktop\gasdetector\Display\Display.c"
 317  0023  321B        	set [27].4
 319  0024              #line 319 "c:\users\tech\desktop\gasdetector\Display\Display.c"
 319  0024  2800     R  	jmp _L42
 319  0025              _L44:
 288  0025              #line 288 "c:\users\tech\desktop\gasdetector\Display\Display.c"
 288  0025  0700     R  	mov a,_Display_2[0]
 288  0026  0080     E  	mov _builtin_holtek_udivmodhi4_2[0],a
 288  0027  0700     R  	mov a,_Display_2[1]
 288  0028  0080     E  	mov _builtin_holtek_udivmodhi4_2[1],a
 288  0029  0FE8        	mov a,232
 288  002A  0080     E  	mov _builtin_holtek_udivmodhi4_2[2],a
 288  002B  0F03        	mov a,3
 288  002C  0080     E  	mov _builtin_holtek_udivmodhi4_2[3],a
 288  002D  2000     E  	call _builtin_holtek_divmodhi4
 288  002E  0700     E  	mov a,_builtin_holtek_udivmodhi4_2[0]
 288  002F  0080     E  	mov rb,a
 288  0030  0700     E  	mov a,_builtin_holtek_udivmodhi4_2[1]
 288  0031  0080     E  	mov rc,a
 288  0032  0700     E  	mov a,rb
 288  0033  0080     E  	mov _builtin_holtek_udivmodhi4_2[0],a
 288  0034  0700     E  	mov a,rc
 288  0035  0080     E  	mov _builtin_holtek_udivmodhi4_2[1],a
 288  0036  0F0A        	mov a,10
 288  0037  0080     E  	mov _builtin_holtek_udivmodhi4_2[2],a
 288  0038  0F00        	mov a,0
 288  0039  0080     E  	mov _builtin_holtek_udivmodhi4_2[3],a
 288  003A  2000     E  	call _builtin_holtek_divmodhi4
 288  003B  0700     E  	mov a,_builtin_holtek_udivmodhi4_2[4]
 288  003C  0080     E  	mov rb,a
 288  003D  0700     E  	mov a,_builtin_holtek_udivmodhi4_2[5]
 288  003E  0080     E  	mov rc,a
 288  003F  0700     E  	mov a,rb
 288  0040  2000     R  	call _segmentNumbers
 289  0041              #line 289 "c:\users\tech\desktop\gasdetector\Display\Display.c"
 289  0041  329B        	set [27].5
 290  0042              #line 290 "c:\users\tech\desktop\gasdetector\Display\Display.c"
 290  0042  371B        	clr [27].6
 290  0043  2800     R  	jmp _L49
 290  0044              _L45:
 296  0044              #line 296 "c:\users\tech\desktop\gasdetector\Display\Display.c"
 296  0044  0700     R  	mov a,_Display_2[0]
 296  0045  0080     E  	mov _builtin_holtek_udivmodhi4_2[0],a
 296  0046  0700     R  	mov a,_Display_2[1]
 296  0047  0080     E  	mov _builtin_holtek_udivmodhi4_2[1],a
 296  0048  0F64        	mov a,100
 296  0049  0080     E  	mov _builtin_holtek_udivmodhi4_2[2],a
 296  004A  0F00        	mov a,0
 296  004B  0080     E  	mov _builtin_holtek_udivmodhi4_2[3],a
 296  004C  2000     E  	call _builtin_holtek_divmodhi4
 296  004D  0700     E  	mov a,_builtin_holtek_udivmodhi4_2[0]
 296  004E  0080     E  	mov rb,a
 296  004F  0700     E  	mov a,_builtin_holtek_udivmodhi4_2[1]
 296  0050  0080     E  	mov rc,a
 296  0051  0700     E  	mov a,rb
 296  0052  0080     E  	mov _builtin_holtek_udivmodhi4_2[0],a
 296  0053  0700     E  	mov a,rc
 296  0054  0080     E  	mov _builtin_holtek_udivmodhi4_2[1],a
 296  0055  0F0A        	mov a,10
"File: Display.c     Assembler  Version HGASM0202      Page 10

 296  0056  0080     E  	mov _builtin_holtek_udivmodhi4_2[2],a
 296  0057  0F00        	mov a,0
 296  0058  0080     E  	mov _builtin_holtek_udivmodhi4_2[3],a
 296  0059  2000     E  	call _builtin_holtek_divmodhi4
 296  005A  0700     E  	mov a,_builtin_holtek_udivmodhi4_2[4]
 296  005B  0080     E  	mov rb,a
 296  005C  0700     E  	mov a,_builtin_holtek_udivmodhi4_2[5]
 296  005D  0080     E  	mov rc,a
 296  005E  0700     E  	mov a,rb
 296  005F  2000     R  	call _segmentNumbers
 297  0060              #line 297 "c:\users\tech\desktop\gasdetector\Display\Display.c"
 297  0060  369B        	clr [27].5
 298  0061              #line 298 "c:\users\tech\desktop\gasdetector\Display\Display.c"
 298  0061  331B        	set [27].6
 298  0062              _L49:
 299  0062              #line 299 "c:\users\tech\desktop\gasdetector\Display\Display.c"
 299  0062  379B        	clr [27].7
 299  0063  2800     R  	jmp _L48
 299  0064              _L46:
 304  0064              #line 304 "c:\users\tech\desktop\gasdetector\Display\Display.c"
 304  0064  0700     R  	mov a,_Display_2[0]
 304  0065  0080     E  	mov _builtin_holtek_udivmodhi4_2[0],a
 304  0066  0700     R  	mov a,_Display_2[1]
 304  0067  0080     E  	mov _builtin_holtek_udivmodhi4_2[1],a
 304  0068  0F0A        	mov a,10
 304  0069  0080     E  	mov _builtin_holtek_udivmodhi4_2[2],a
 304  006A  0F00        	mov a,0
 304  006B  0080     E  	mov _builtin_holtek_udivmodhi4_2[3],a
 304  006C  2000     E  	call _builtin_holtek_divmodhi4
 304  006D  0700     E  	mov a,_builtin_holtek_udivmodhi4_2[0]
 304  006E  0080     E  	mov rb,a
 304  006F  0700     E  	mov a,_builtin_holtek_udivmodhi4_2[1]
 304  0070  0080     E  	mov rc,a
 304  0071  0700     E  	mov a,rb
 304  0072  0080     E  	mov _builtin_holtek_udivmodhi4_2[0],a
 304  0073  0700     E  	mov a,rc
 304  0074  0080     E  	mov _builtin_holtek_udivmodhi4_2[1],a
 304  0075  0F0A        	mov a,10
 304  0076  0080     E  	mov _builtin_holtek_udivmodhi4_2[2],a
 304  0077  0F00        	mov a,0
 304  0078  0080     E  	mov _builtin_holtek_udivmodhi4_2[3],a
 304  0079  2000     E  	call _builtin_holtek_divmodhi4
 304  007A  0700     E  	mov a,_builtin_holtek_udivmodhi4_2[4]
 304  007B  0080     E  	mov rb,a
 304  007C  0700     E  	mov a,_builtin_holtek_udivmodhi4_2[5]
 304  007D  0080     E  	mov rc,a
 304  007E  0700     E  	mov a,rb
 304  007F  2000     R  	call _segmentNumbers
 305  0080              #line 305 "c:\users\tech\desktop\gasdetector\Display\Display.c"
 305  0080  369B        	clr [27].5
 306  0081              #line 306 "c:\users\tech\desktop\gasdetector\Display\Display.c"
 306  0081  371B        	clr [27].6
 307  0082              #line 307 "c:\users\tech\desktop\gasdetector\Display\Display.c"
 307  0082  339B        	set [27].7
 307  0083              _L48:
 308  0083              #line 308 "c:\users\tech\desktop\gasdetector\Display\Display.c"
 308  0083  361B        	clr [27].4
 308  0084              _L42:
 308  0084  0003        	ret
 308  0085              _Display endp
"File: Display.c     Assembler  Version HGASM0202      Page 11

 308  0085              #line 308 "c:\users\tech\desktop\gasdetector\Display\Display.c"
 308  0085              #pragma debug scope 1 1
 308  0085              public _DisplayLooding
 308  0085              #pragma debug scope 6 1
 328  0085              #line 328 "c:\users\tech\desktop\gasdetector\Display\Display.c"
 328  0000              _DisplayLooding .section 'code'
 328  0000              _DisplayLooding proc
 328  0000  00              local _DisplayLooding_2 db 1 dup(?)	; 0,1
 328  0000  0080     E  	mov ra,a
 328  0001  0080     R  	mov _DisplayLooding_2[0],a
 328  0002              #pragma debug variable 7 6 _DisplayLooding_2+0 "cunterDigit"
 332  0002              #line 332 "c:\users\tech\desktop\gasdetector\Display\Display.c"
 332  0002  0700     E  	mov a,ra
 332  0003  0A00        	sub a,0
 332  0004  3D0A        	sz z
 332  0005  2800     R  	jmp _L52
 332  0006  0A01        	sub a,(1)-(0)
 332  0007  3D0A        	sz z
 332  0008  2800     R  	jmp _L53
 332  0009              #line 332 "c:\users\tech\desktop\gasdetector\Display\Display.c"
 332  0009  0700     E  	mov a,ra
 332  000A  0A02        	sub a,2
 332  000B  3D0A        	sz z
 332  000C  2800     R  	jmp _L54
 332  000D  0700     E  	mov a,ra
 332  000E  0A03        	sub a,3
 332  000F  390A        	snz z
 332  0010  2800     R  	jmp _L50
 361  0011              #line 361 "c:\users\tech\desktop\gasdetector\Display\Display.c"
 361  0011  369B        	clr [27].5
 362  0012              #line 362 "c:\users\tech\desktop\gasdetector\Display\Display.c"
 362  0012  371B        	clr [27].6
 363  0013              #line 363 "c:\users\tech\desktop\gasdetector\Display\Display.c"
 363  0013  379B        	clr [27].7
 364  0014              #line 364 "c:\users\tech\desktop\gasdetector\Display\Display.c"
 364  0014  321B        	set [27].4
 366  0015              #line 366 "c:\users\tech\desktop\gasdetector\Display\Display.c"
 366  0015  2800     R  	jmp _L50
 366  0016              _L52:
 335  0016              #line 335 "c:\users\tech\desktop\gasdetector\Display\Display.c"
 335  0016  0F6F        	mov a,111
 335  0017  2000     R  	call _segmentCharacters
 336  0018              #line 336 "c:\users\tech\desktop\gasdetector\Display\Display.c"
 336  0018  329B        	set [27].5
 337  0019              #line 337 "c:\users\tech\desktop\gasdetector\Display\Display.c"
 337  0019  371B        	clr [27].6
 337  001A  2800     R  	jmp _L57
 337  001B              _L53:
 344  001B              #line 344 "c:\users\tech\desktop\gasdetector\Display\Display.c"
 344  001B  369B        	clr [27].5
 345  001C              #line 345 "c:\users\tech\desktop\gasdetector\Display\Display.c"
 345  001C  331B        	set [27].6
 345  001D              _L57:
 346  001D              #line 346 "c:\users\tech\desktop\gasdetector\Display\Display.c"
 346  001D  379B        	clr [27].7
 346  001E  2800     R  	jmp _L56
 346  001F              _L54:
 352  001F              #line 352 "c:\users\tech\desktop\gasdetector\Display\Display.c"
 352  001F  369B        	clr [27].5
 353  0020              #line 353 "c:\users\tech\desktop\gasdetector\Display\Display.c"
"File: Display.c     Assembler  Version HGASM0202      Page 12

 353  0020  371B        	clr [27].6
 354  0021              #line 354 "c:\users\tech\desktop\gasdetector\Display\Display.c"
 354  0021  339B        	set [27].7
 354  0022              _L56:
 355  0022              #line 355 "c:\users\tech\desktop\gasdetector\Display\Display.c"
 355  0022  361B        	clr [27].4
 355  0023              _L50:
 355  0023  0003        	ret
 355  0024              _DisplayLooding endp
 355  0024              #line 355 "c:\users\tech\desktop\gasdetector\Display\Display.c"
 355  0024              #pragma debug scope 1 1
 355  0000              @HCCINIT	.section 'data'
 212  0000              #line 212 "c:\users\tech\desktop\gasdetector\Display\Display.c"
 212  0000              @HCCINIT .section 'data'
 212  0000              ___indexDigit_1745 label byte
 212  0000              #pragma debug variable 7 5 ___indexDigit_1745 "indexDigit"
 212  0000              	db 0
 212  0000              @ROMDATA_BASE .section inpage 'code'
 212  0000              	db 0
 212  0001              @HCCINIT .section 'data'
 212  0001              #pragma debug struct_end
 212  0001              #pragma debug struct_end
 212  0001              #pragma debug union_end
 212  0001              #pragma debug union_end
 212  0001              #pragma debug variable 43 1 ___pa "__pa" 1
 212  0001              #pragma debug struct_end
 212  0001              #pragma debug struct_end
 212  0001              #pragma debug union_end
 212  0001              #pragma debug union_end
 212  0001              #pragma debug variable 45 1 ___pb "__pb" 1
 212  0001              #pragma debug struct_end
 212  0001              #pragma debug struct_end
 212  0001              #pragma debug union_end
 212  0001              #pragma debug union_end
 212  0001              #pragma debug variable 47 1 ___pc "__pc" 1
 212  0001              #pragma debug struct_end
 212  0001              #pragma debug struct_end
 212  0001              #pragma debug union_end
 212  0001              #pragma debug union_end
 212  0001              #pragma debug variable 49 1 ___pd "__pd" 1
 212  0001              extern _builtin_holtek_divmodhi4:near
 212  0001              extern _builtin_holtek_udivmodhi4_2:byte
 212  0001              extern _builtin_holtek_udivmodhi4:near
 212  0001              
 212  0001              ; 
 212  0001              ; Generated by holtek-gcc v3.19, Sat Jun 01 20:20:56 2024
 212  0001              ; Rebuild 718
 212  0001              ; end of file


        0 Errors, 0