"File: Main/Main.h   Assembler  Version HGASM0202      Page 1


   1  0000              ; Generated by holtek-gcc v3.19, Sat Jun 08 18:24:52 2024
   2  0000              ; 
   3  0000              ; Configuration:
   4  0000              ;       without long instruction
   5  0000              ;       Single ROM, Multi-RAM
   6  0000              ;       bits_per_rom_unit:16
   7  0000              ;       with mp1
   8  0000              ;       with tbhp, address(0x9)
   9  0000              ;          Use tabrd-const
  10  0000              ;       
  11  0000              ;       
  12  0000              ;       
  13  0000              ; use 'tabrdc' instead of 'tabrd'
  14  0000              ;       
  15  0000              
  16  0000              #pragma translator "holtek-gcc 4.6.4" "3.19" "build 20130711"
  17  0000              ; Rebuild 718
  18  0000              
  19  0000              ir equ [2]
  20  0000              mp equ [3]
  21  0000              sbp equ [1]
  22  0000              acc equ [5]
  23  0000              bp equ [4]
  24  0000              tblp equ [7]
  25  0000              tbhp equ [9]
  26  0000              status equ [10]
  27  0000              c equ [10].0
  28  0000              ac equ [10].1
  29  0000              z equ [10].2
  30  0000              ov equ [10].3
  31  0000              intc equ [11]
  32  0000              
  33  0000              extern ra:byte
  34  0000              extern rb:byte
  35  0000              extern rc:byte
  36  0000              extern rd:byte
  37  0000              extern re:byte
  38  0000              extern rf:byte
  39  0000              extern rg:byte
  40  0000              extern rh:byte
  41  0000              extern _Crom2Prom:near
  42  0000              extern _Crom2PromNext:near
  43  0000              
  44  0000              RAMBANK 0 @HCCINIT, @HCCINIT0
  45  0000              
  46  0000              RAMBANK 0 @BITDATASEC, @BITDATASEC1
  47  0000              @HCCINIT	.section 'data'
  48  0000              @HCCINIT0	.section 'data'
  49  0000              @BITDATASEC	 .section 'data'
  50  0000              @BITDATASEC1	 .section 'data'
  51  0000              
  52  0000              #pragma debug scope 1 1
  53  0000              	extern __DELAY3:near
  54  0000              	extern __DELAYX3:near
  55  0000              	extern __DELAYX6:near
  56  0000              	extern __DELAYY5:near
  57  0000              	extern __DELAYY3:near
  58  0000              	extern _builtin_holtek_delay_2:byte
  59  0000              ___pc equ [31]
"File: HT8_it.ASM    Assembler  Version HGASM0202      Page 2

  60  0000              public _INT0_ISR
  61  0000              #pragma debug scope 2 1

  41  0000              #line 41 "C:\Users\Tech\Desktop\GasDetector\it\HT8_it.c"
  41  0000              @INT0_ISR_code .section at 4 'code'
  41  0000  0080     E  	mov r1,a
  41  0001  070A        	mov a,status
  41  0002  0080     E  	mov r2,a
  41  0003  2800     R  	jmp _INT0_ISR
  41  0004              #pragma debug scope 1 1
  41  0004              @dummy4 endp
  41  0004              #pragma debug scope 3 1
  41  0000              _INT0_ISR .section 'code'
  41  0000              _INT0_ISR proc
  42  0000              #line 42 "C:\Users\Tech\Desktop\GasDetector\it\HT8_it.c"
  42  0000  1F00     E  	clr ra
  42  0001  391F        	snz [31].2
  42  0002  3000     E  	set ra.2
  42  0003  351F        	clr [31].2
  42  0004  0700     E  	mov a,ra
  42  0005  059F        	orm a,[31]
  43  0006              #line 43 "C:\Users\Tech\Desktop\GasDetector\it\HT8_it.c"
  43  0006              ;# 43 "C:\Users\Tech\Desktop\GasDetector\it\HT8_it.c" 1
  43  0006  0000        	nop
  43  0007  0700     E  	mov a,r2
  43  0008  008A        	mov status,a
  43  0009  0700     E  	mov a,r1
  43  000A  0004        	reti
  43  000B              _INT0_ISR endp
  43  000B              
  43  000B              #line 43 "C:\Users\Tech\Desktop\GasDetector\it\HT8_it.c"
  43  000B              #pragma debug scope 1 1
  43  000B              public _STM_ISR
  43  000B              #pragma debug scope 4 1
  54  000B              #line 54 "C:\Users\Tech\Desktop\GasDetector\it\HT8_it.c"
  54  0000              @STM_ISR_code .section at 12 'code'
  54  0000              _STM_ISR:
  54  0000  0004        	reti
  54  0001              #line 54 "C:\Users\Tech\Desktop\GasDetector\it\HT8_it.c"
  54  0001              #pragma debug scope 1 1
  54  0001              public _PTM_ISR
  54  0001              #pragma debug scope 5 1
  66  0001              #line 66 "C:\Users\Tech\Desktop\GasDetector\it\HT8_it.c"
  66  0000              @PTM_ISR_code .section at 16 'code'
  66  0000              _PTM_ISR:
  66  0000  0004        	reti
  66  0001              #line 66 "C:\Users\Tech\Desktop\GasDetector\it\HT8_it.c"
  66  0001              #pragma debug scope 1 1
  66  0001              public _ADC_ISR
  66  0001              #pragma debug scope 6 1
  79  0001              #line 79 "C:\Users\Tech\Desktop\GasDetector\it\HT8_it.c"
  79  0000              @ADC_ISR_code .section at 24 'code'
  79  0000              _ADC_ISR:
  79  0000  0004        	reti
  79  0001              #line 79 "C:\Users\Tech\Desktop\GasDetector\it\HT8_it.c"
  79  0001              #pragma debug scope 1 1
  79  0001              ___pb equ [27]
  79  0001              public _TB0_ISR
  79  0001              #pragma debug scope 7 1
  92  0001              #line 92 "C:\Users\Tech\Desktop\GasDetector\it\HT8_it.c"
"File: HT8_it.c      Assembler  Version HGASM0202      Page 3

  92  0000              @TB0_ISR_code .section at 28 'code'
  92  0000  0080     E  	mov r1,a
  92  0001  070A        	mov a,status
  92  0002  0080     E  	mov r2,a
  92  0003  2800     R  	jmp _TB0_ISR
  92  0004              #pragma debug scope 1 1
  92  0004              @dummy28 endp
  92  0004              #pragma debug scope 8 1
  92  0000              _TB0_ISR .section 'code'
  92  0000              _TB0_ISR proc
  93  0000              #line 93 "C:\Users\Tech\Desktop\GasDetector\it\HT8_it.c"
  93  0000  1F00     E  	clr ra
  93  0001  3A1B        	snz [27].4
  93  0002  3000     E  	set ra.4
  93  0003  361B        	clr [27].4
  93  0004  0700     E  	mov a,ra
  93  0005  059B        	orm a,[27]
  93  0006  0700     E  	mov a,r2
  93  0007  008A        	mov status,a
  93  0008  0700     E  	mov a,r1
  93  0009  0004        	reti
  93  000A              _TB0_ISR endp
  93  000A              
  93  000A              #line 93 "C:\Users\Tech\Desktop\GasDetector\it\HT8_it.c"
  93  000A              #pragma debug scope 1 1
  93  000A              public _TB1_ISR
  93  000A              #pragma debug scope 9 1
 105  000A              #line 105 "C:\Users\Tech\Desktop\GasDetector\it\HT8_it.c"
 105  0000              @TB1_ISR_code .section at 32 'code'
 105  0000              _TB1_ISR:
 105  0000  0004        	reti
 105  0001              #line 105 "C:\Users\Tech\Desktop\GasDetector\it\HT8_it.c"
 105  0001              #pragma debug scope 1 1
 105  0001              public _INT1_ISR
 105  0001              #pragma debug scope 10 1
 118  0001              #line 118 "C:\Users\Tech\Desktop\GasDetector\it\HT8_it.c"
 118  0000              @INT1_ISR_code .section at 36 'code'
 118  0000  0080     E  	mov r1,a
 118  0001  070A        	mov a,status
 118  0002  0080     E  	mov r2,a
 118  0003  2800     R  	jmp _INT1_ISR
 118  0004              #pragma debug scope 1 1
 118  0004              @dummy36 endp
 118  0004              #pragma debug scope 11 1
 118  0000              _INT1_ISR .section 'code'
 118  0000              _INT1_ISR proc
 119  0000              #line 119 "C:\Users\Tech\Desktop\GasDetector\it\HT8_it.c"
 119  0000  1F00     E  	clr ra
 119  0001  391F        	snz [31].2
 119  0002  3000     E  	set ra.2
 119  0003  351F        	clr [31].2
 119  0004  0700     E  	mov a,ra
 119  0005  059F        	orm a,[31]
 120  0006              #line 120 "C:\Users\Tech\Desktop\GasDetector\it\HT8_it.c"
 120  0006              ;# 120 "C:\Users\Tech\Desktop\GasDetector\it\HT8_it.c" 1
 120  0006  0000        	nop
 120  0007  0700     E  	mov a,r2
 120  0008  008A        	mov status,a
 120  0009  0700     E  	mov a,r1
 120  000A  0004        	reti
"File: HT8_it.c      Assembler  Version HGASM0202      Page 4

 120  000B              _INT1_ISR endp
 120  000B              
 120  000B              #line 120 "C:\Users\Tech\Desktop\GasDetector\it\HT8_it.c"
 120  000B              #pragma debug scope 1 1

 150  000B              #line 150 "C:\Users\Tech\Desktop\GasDetector\Main/Main.h"
 150  000B              public _tick
 150  0000              @HCCINIT0 .section 'data'
 150  0000              _tick	db 0
 150  0001              #pragma debug variable 7 1 _tick "tick"
 150  0001              
 150  0000              @HCCINIT .section 'data'
 149  0000              #line 149 "C:\Users\Tech\Desktop\GasDetector\Main/Main.h"
 149  0000              public _Suply
 149  0001              @HCCINIT0 .section 'data'
 149  0001  0002[       _Suply	db 2 dup(0)
            00
            ]
 149  0003              #pragma debug variable 12 1 _Suply "Suply"
 149  0003              
 149  0000              @HCCINIT .section 'data'
 139  0000              #line 139 "C:\Users\Tech\Desktop\GasDetector\Main/Main.h"
 139  0000              public _Mode
 139  0003              @HCCINIT0 .section 'data'
 139  0003  0002[       _Mode	db 2 dup(0)
            00
            ]
 139  0005              #pragma debug variable 12 1 _Mode "Mode"
 139  0005              
 139  0000              @HCCINIT .section 'data'
 139  0000              public _pushButtonCunter
 139  0000              @HCCINIT	.section 'data'
 128  0000              #line 128 "C:\Users\Tech\Desktop\GasDetector\Main/Main.h"
 128  0000              @HCCINIT .section 'data'
 128  0000              _pushButtonCunter label byte
 128  0000              #pragma debug variable 12 1 _pushButtonCunter "pushButtonCunter"
 128  0000              	db 0
 128  0000              @ROMDATA_BASE .section inpage 'code'
 128  0000              	db 0
 128  0001              @HCCINIT .section 'data'
 128  0001              	db 0
 128  0001              @ROMDATA_BASE .section inpage 'code'
 128  0001              	db 0
 128  0002              @HCCINIT .section 'data'
 128  0002              public _pushButtonState
 127  0002              #line 127 "C:\Users\Tech\Desktop\GasDetector\Main/Main.h"
 127  0000              @BITDATASEC .section 'data'
 127  0000  00          _pushButtonState	dbit 0
 127  0001              #pragma debug variable 2 1 _pushButtonState "pushButtonState"
 127  0001              public _displayClock
 115  0001              #line 115 "C:\Users\Tech\Desktop\GasDetector\Main/Main.h"
 115  0002              @HCCINIT .section 'data'
 115  0002              _displayClock label byte
 115  0002              #pragma debug variable 7 1 _displayClock "displayClock"
 115  0002              	db 0
 115  0001              @ROMDATA_BASE .section inpage 'code'
 115  0001              	db 0
 115  0003              @HCCINIT .section 'data'
 115  0003              public _AVDD
 114  0003              #line 114 "C:\Users\Tech\Desktop\GasDetector\Main/Main.h"
"File: Main/Main.h   Assembler  Version HGASM0202      Page 5

 114  0003              @HCCINIT .section 'data'
 114  0003              _AVDD label byte
 114  0003              #pragma debug variable 28 1 _AVDD "AVDD"
 114  0003              	db 0
 114  0002              @ROMDATA_BASE .section inpage 'code'
 114  0002              	db 0
 114  0004              @HCCINIT .section 'data'
 114  0004              	db 0
 114  0002              @ROMDATA_BASE .section inpage 'code'
 114  0002              	db 0
 114  0005              @HCCINIT .section 'data'
 114  0005              	db 0
 114  0003              @ROMDATA_BASE .section inpage 'code'
 114  0003              	db 0
 114  0006              @HCCINIT .section 'data'
 114  0006              public _buffer
 113  0006              #line 113 "C:\Users\Tech\Desktop\GasDetector\Main/Main.h"
 113  0006              @HCCINIT .section 'data'
 113  0006              _buffer label byte
 113  0006              #pragma debug variable 10 1 _buffer "buffer"
 113  0006              	db 0
 113  0003              @ROMDATA_BASE .section inpage 'code'
 113  0003              	db 0
 113  0007              @HCCINIT .section 'data'
 113  0007              	db 0
 113  0004              @ROMDATA_BASE .section inpage 'code'
 113  0004              	db 0
 113  0008              @HCCINIT .section 'data'
 112  0008              #line 112 "C:\Users\Tech\Desktop\GasDetector\Main/Main.h"
 112  0008              public _Cunter
 112  0005              @HCCINIT0 .section 'data'
 112  0005  0006[       _Cunter	db 6 dup(0)
            00
            ]
 112  000B              #pragma debug struct_end
 112  000B              #pragma debug struct_end
 112  000B              #pragma debug variable 42 1 _Cunter "Cunter"
 112  000B              
 112  0008              @HCCINIT .section 'data'
  80  0008              #line 80 "C:\Users\Tech\Desktop\GasDetector\Main/Main.h"
  80  0008              public _Parametr
  80  000B              @HCCINIT0 .section 'data'
  80  000B  0002[       _Parametr	db 2 dup(0)
            00
            ]
  80  000D              #pragma debug union_end
  80  000D              #pragma debug union_end
  80  000D              #pragma debug variable 43 1 _Parametr "Parametr"
  80  000D              
  80  0008              @HCCINIT .section 'data'
  80  0008              public _i
  70  0008              #line 70 "C:\Users\Tech\Desktop\GasDetector\Main/Main.h"
  70  0008              @HCCINIT .section 'data'
  70  0008              _i label byte
  70  0008              #pragma debug variable 12 1 _i "i"
  70  0008              	db 0
  70  0004              @ROMDATA_BASE .section inpage 'code'
  70  0004              	db 0
  70  0009              @HCCINIT .section 'data'
  70  0009              	db 0
"File: Main/Main.h   Assembler  Version HGASM0202      Page 6

  70  0005              @ROMDATA_BASE .section inpage 'code'
  70  0005              	db 0
  70  000A              @HCCINIT .section 'data'
  70  000A              public _digcunt
  69  000A              #line 69 "C:\Users\Tech\Desktop\GasDetector\Main/Main.h"
  69  000A              @HCCINIT .section 'data'
  69  000A              _digcunt label byte
  69  000A              #pragma debug variable 11 1 _digcunt "digcunt"
  69  000A              	db 0
  69  0005              @ROMDATA_BASE .section inpage 'code'
  69  0005              	db 0
  69  000B              @HCCINIT .section 'data'
  69  000B              	db 0
  69  0006              @ROMDATA_BASE .section inpage 'code'
  69  0006              	db 0
  69  000C              @HCCINIT .section 'data'
  69  000C              public _Numbr
  68  000C              #line 68 "C:\Users\Tech\Desktop\GasDetector\Main/Main.h"
  68  000C              @HCCINIT .section 'data'
  68  000C              _Numbr label byte
  68  000C              #pragma debug variable 11 1 _Numbr "Numbr"
  68  000C              	db 0
  68  0006              @ROMDATA_BASE .section inpage 'code'
  68  0006              	db 0
  68  000D              @HCCINIT .section 'data'
  68  000D              	db 0
  68  0007              @ROMDATA_BASE .section inpage 'code'
  68  0007              	db 0
  68  000E              @HCCINIT .section 'data'
  28  000E              #line 28 "C:\Users\Tech\Desktop\GasDetector\Main/Main.h"
  28  000E              public _falt_BAT
  28  0001              @BITDATASEC .section 'data'
  28  0000              _falt_BAT	dbit 0
  28  0001              #pragma debug variable 2 1 _falt_BAT "falt_BAT"
  28  0001              
  28  000E              @HCCINIT .section 'data'
  27  000E              #line 27 "C:\Users\Tech\Desktop\GasDetector\Main/Main.h"
  27  000E              public _fire_gas
  27  0001              @BITDATASEC .section 'data'
  27  0000              _fire_gas	dbit 0
  27  0001              #pragma debug variable 2 1 _fire_gas "fire_gas"
  27  0001              
  27  000E              @HCCINIT .section 'data'
  27  000E              public _PB
  26  000E              #line 26 "C:\Users\Tech\Desktop\GasDetector\Main/Main.h"
  26  0001              @BITDATASEC .section 'data'
  26  0000              _PB	dbit 0
  26  0001              #pragma debug variable 2 1 _PB "PB"
  25  0001              #line 25 "C:\Users\Tech\Desktop\GasDetector\Main/Main.h"
  25  0001              public _disply_bat
  25  0001              @BITDATASEC .section 'data'
  25  0000              _disply_bat	dbit 0
  25  0001              #pragma debug variable 2 1 _disply_bat "disply_bat"
  25  0001              
  25  000E              @HCCINIT .section 'data'
  23  000E              #line 23 "C:\Users\Tech\Desktop\GasDetector\Main/Main.h"
  23  000E              public _Digit
  23  000D              @HCCINIT0 .section 'data'
  23  000D  0008[       _Digit	db 8 dup(0)
            00
"File: Main/Main.h   Assembler  Version HGASM0202      Page 7

            ]
  23  0015              #pragma debug array 44 12 4 1
  23  0015              #pragma debug array 44 12 4 1
  23  0015              #pragma debug variable 44 1 _Digit "Digit"
  23  0015              
  23  000E              @HCCINIT .section 'data'
  23  000E              public _AN
  21  000E              #line 21 "C:\Users\Tech\Desktop\GasDetector\Main/Main.h"
  21  000E              @HCCINIT .section 'data'
  21  000E              _AN label byte
  21  000E              #pragma debug variable 8 1 _AN "AN"
  21  000E              	db 0
  21  0007              @ROMDATA_BASE .section inpage 'code'
  21  0007              	db 0
  21  000F              @HCCINIT .section 'data'
  21  000F              public _delay
  19  000F              #line 19 "C:\Users\Tech\Desktop\GasDetector\Main/Main.h"
  19  000F              @HCCINIT .section 'data'
  19  000F              _delay label byte
  19  000F              #pragma debug variable 14 1 _delay "delay"
  19  000F              	db 0
  19  0008              @ROMDATA_BASE .section inpage 'code'
  19  0008              	db 0
  19  0010              @HCCINIT .section 'data'
  19  0010              	db 0
  19  0008              @ROMDATA_BASE .section inpage 'code'
  19  0008              	db 0
  19  0011              @HCCINIT .section 'data'
  19  0011              	db 0
  19  0009              @ROMDATA_BASE .section inpage 'code'
  19  0009              	db 0
  19  0012              @HCCINIT .section 'data'
  19  0012              	db 0
  19  0009              @ROMDATA_BASE .section inpage 'code'
  19  0009              	db 0
  19  0013              @HCCINIT .section 'data'
  19  0013              public _disply
  17  0013              #line 17 "C:\Users\Tech\Desktop\GasDetector\Main/Main.h"
  17  0013              @HCCINIT .section 'data'
  17  0013              _disply label byte
  17  0013              #pragma debug variable 12 1 _disply "disply"
  17  0013              	db 0
  17  000A              @ROMDATA_BASE .section inpage 'code'
  17  000A              	db 0
  17  0014              @HCCINIT .section 'data'
  17  0014              	db 0
  17  000A              @ROMDATA_BASE .section inpage 'code'
  17  000A              	db 0
  17  0015              @HCCINIT .section 'data'
  17  0015              public _BAT
  15  0015              #line 15 "C:\Users\Tech\Desktop\GasDetector\Main/Main.h"
  15  0015              @HCCINIT .section 'data'
  15  0015              _BAT label byte
  15  0015              #pragma debug variable 8 1 _BAT "BAT"
  15  0015              	db 0
  15  000B              @ROMDATA_BASE .section inpage 'code'
  15  000B              	db 0
  15  0016              @HCCINIT .section 'data'
  15  0016              public _t1
  14  0016              #line 14 "C:\Users\Tech\Desktop\GasDetector\Main/Main.h"
"File: Main/Main.h   Assembler  Version HGASM0202      Page 8

  14  0016              @HCCINIT .section 'data'
  14  0016              _t1 label byte
  14  0016              #pragma debug variable 12 1 _t1 "t1"
  14  0016              	db 0
  14  000B              @ROMDATA_BASE .section inpage 'code'
  14  000B              	db 0
  14  0017              @HCCINIT .section 'data'
  14  0017              	db 0
  14  000C              @ROMDATA_BASE .section inpage 'code'
  14  000C              	db 0
  14  0018              @HCCINIT .section 'data'
  14  0018              public _adc
  13  0018              #line 13 "C:\Users\Tech\Desktop\GasDetector\Main/Main.h"
  13  0018              @HCCINIT .section 'data'
  13  0018              _adc label byte
  13  0018              #pragma debug variable 8 1 _adc "adc"
  13  0018              	db 0
  13  000C              @ROMDATA_BASE .section inpage 'code'
  13  000C              	db 0
  13  0019              @HCCINIT .section 'data'
  13  0019              public _adc_GAS
  11  0019              #line 11 "C:\Users\Tech\Desktop\GasDetector\Main/Main.h"
  11  0019              @HCCINIT .section 'data'
  11  0019              _adc_GAS label byte
  11  0019              #pragma debug variable 12 1 _adc_GAS "adc_GAS"
  11  0019              	db 0
  11  000D              @ROMDATA_BASE .section inpage 'code'
  11  000D              	db 0
  11  001A              @HCCINIT .section 'data'
  11  001A              	db 0
  11  000D              @ROMDATA_BASE .section inpage 'code'
  11  000D              	db 0
  11  001B              @HCCINIT .section 'data'
  11  001B              public _BAT_ADC_D
  10  001B              #line 10 "C:\Users\Tech\Desktop\GasDetector\Main/Main.h"
  10  001B              @HCCINIT .section 'data'
  10  001B              _BAT_ADC_D label byte
  10  001B              #pragma debug variable 12 1 _BAT_ADC_D "BAT_ADC_D"
  10  001B              	db 0
  10  000E              @ROMDATA_BASE .section inpage 'code'
  10  000E              	db 0
  10  001C              @HCCINIT .section 'data'
  10  001C              	db 0
  10  000E              @ROMDATA_BASE .section inpage 'code'
  10  000E              	db 0
  10  001D              @HCCINIT .section 'data'
  10  001D              public _BAT_ADC
   9  001D              #line 9 "C:\Users\Tech\Desktop\GasDetector\Main/Main.h"
   9  001D              @HCCINIT .section 'data'
   9  001D              _BAT_ADC label byte
   9  001D              #pragma debug variable 12 1 _BAT_ADC "BAT_ADC"
   9  001D              	db 0
   9  000F              @ROMDATA_BASE .section inpage 'code'
   9  000F              	db 0
   9  001E              @HCCINIT .section 'data'
   9  001E              	db 0
   9  000F              @ROMDATA_BASE .section inpage 'code'
   9  000F              	db 0
   9  001F              @HCCINIT .section 'data'
   9  001F              public _GAS_ERR
"File: Main/Main.h   Assembler  Version HGASM0202      Page 9

   8  001F              #line 8 "C:\Users\Tech\Desktop\GasDetector\Main/Main.h"
   8  001F              @HCCINIT .section 'data'
   8  001F              _GAS_ERR label byte
   8  001F              #pragma debug variable 12 1 _GAS_ERR "GAS_ERR"
   8  001F              	db 0
   8  0010              @ROMDATA_BASE .section inpage 'code'
   8  0010              	db 0
   8  0020              @HCCINIT .section 'data'
   8  0020              	db 0
   8  0010              @ROMDATA_BASE .section inpage 'code'
   8  0010              	db 0
   8  0021              @HCCINIT .section 'data'
   7  0021              #line 7 "C:\Users\Tech\Desktop\GasDetector\Main/Main.h"
   7  0021              public _SEG
   7  0015              @HCCINIT0 .section 'data'
   7  0015              _SEG	db 0
   7  0016              #pragma debug variable 8 1 _SEG "SEG"
   7  0016              
   7  0021              @HCCINIT .section 'data'
   7  0021              #pragma debug struct_end
   7  0021              #pragma debug struct_end
   7  0021              #pragma debug union_end
   7  0021              #pragma debug union_end
   7  0021              #pragma debug variable 46 1 ___pb "__pb" 1
   7  0021              #pragma debug struct_end
   7  0021              #pragma debug struct_end
   7  0021              #pragma debug union_end
   7  0021              #pragma debug union_end
   7  0021              #pragma debug variable 48 1 ___pc "__pc" 1
   7  0021              extern r1:byte
   7  0021              extern r2:byte
   7  0021              
   7  0021              ; 
   7  0021              ; Generated by holtek-gcc v3.19, Sat Jun 08 18:24:52 2024
   7  0021              ; Rebuild 718
   7  0021              ; end of file


        0 Errors, 0