"File: Main.c        Assembler  Version HGASM0202      Page 1


   1  0000              ; Generated by holtek-gcc v3.19, Sun May 26 17:06:47 2024
   2  0000              ; 
   3  0000              ; Configuration:
   4  0000              ;       without long instruction
   5  0000              ;       Single ROM, Multi-RAM
   6  0000              ;       bits_per_rom_unit:16
   7  0000              ;       with mp1
   8  0000              ;       with tbhp, address(0x9)
   9  0000              ;          Use tabrd-const
  10  0000              ;       
  11  0000              ;       
  12  0000              ;       
  13  0000              ; use 'tabrdc' instead of 'tabrd'
  14  0000              ;       
  15  0000              
  16  0000              #pragma translator "holtek-gcc 4.6.4" "3.19" "build 20130711"
  17  0000              ; Rebuild 718
  18  0000              
  19  0000              ir equ [2]
  20  0000              mp equ [3]
  21  0000              sbp equ [1]
  22  0000              acc equ [5]
  23  0000              bp equ [4]
  24  0000              tblp equ [7]
  25  0000              tbhp equ [9]
  26  0000              status equ [10]
  27  0000              c equ [10].0
  28  0000              ac equ [10].1
  29  0000              z equ [10].2
  30  0000              ov equ [10].3
  31  0000              intc equ [11]
  32  0000              
  33  0000              extern ra:byte
  34  0000              extern rb:byte
  35  0000              extern rc:byte
  36  0000              extern rd:byte
  37  0000              extern re:byte
  38  0000              extern rf:byte
  39  0000              extern rg:byte
  40  0000              extern rh:byte
  41  0000              extern _Crom2Prom:near
  42  0000              extern _Crom2PromNext:near
  43  0000              
  44  0000              RAMBANK 0 @HCCINIT, @HCCINIT0
  45  0000              
  46  0000              RAMBANK 0 @BITDATASEC, @BITDATASEC1
  47  0000              @HCCINIT	.section 'data'
  48  0000              @HCCINIT0	.section 'data'
  49  0000              @BITDATASEC	 .section 'data'
  50  0000              @BITDATASEC1	 .section 'data'
  51  0000              
  52  0000              #pragma debug scope 1 1
  53  0000              	extern __DELAY3:near
  54  0000              	extern __DELAYX3:near
  55  0000              	extern __DELAYX6:near
  56  0000              	extern __DELAYY5:near
  57  0000              	extern __DELAYY3:near
  58  0000              	extern _builtin_holtek_delay_2:byte
  59  0000              ___scc equ [16]
"File: Main.ASM      Assembler  Version HGASM0202      Page 2

  60  0000              ___wdtc equ [25]
  61  0000              ___lvrc equ [12]
  62  0000              ___lvpuc equ [24]
  63  0000              ___pac equ [21]
  64  0000              ___pbc equ [28]
  65  0000              ___pcc equ [32]
  66  0000              ___pdc equ [36]
  67  0000              ___pas1 equ [86]
  68  0000              ___pas0 equ [85]
  69  0000              ___pbs1 equ [88]
  70  0000              ___pbs0 equ [87]
  71  0000              ___pcs1 equ [90]
  72  0000              ___pcs0 equ [89]
  73  0000              ___pds0 equ [91]
  74  0000              ___pbpu equ [29]
  75  0000              ___tb0c equ [76]
  76  0000              ___pscr equ [75]
  77  0000              ___intc1 equ [80]
  78  0000              ___tb1c equ [77]
  79  0000              ___pa equ [20]
  80  0000              ___pc equ [31]
  81  0000              ___pb equ [27]
  82  0000              public _main
  83  0000              #pragma debug scope 2 1

   5  0000              #line 5 "c:\users\tech\desktop\gasdetector\Main\Main.c"
   5  0000              IFDEF WITH_DEFAULT_STARTUP
   5  0000              extern _main_initial0:near
   5  0000              extern _main_startup:near
   5  0000              ENDIF
   5  0000              
   5  0000              ROMBANK 0 @start
   5  0000              @start .section com_l 'code'
   5  0000              _main_startup1:
   5  0000              @start .section com_e 'code'
   5  0000  2800     R  	jmp _main
   5  0001              
   5  0000              _main .section 'code'
   5  0000              _main proc
   5  0000  0002[           local _main_2 db 2 dup(?)
            00
            ]
   5  0002              #pragma debug variable 12 2 _main_2+0 "Mode"
  29  0002              #line 29 "c:\users\tech\desktop\gasdetector\Main\Main.c"
  29  0000  3690        	clr [16].5
  30  0001              #line 30 "c:\users\tech\desktop\gasdetector\Main\Main.c"
  30  0001  3710        	clr [16].6
  31  0002              #line 31 "c:\users\tech\desktop\gasdetector\Main\Main.c"
  31  0002  3790        	clr [16].7
  32  0003              #line 32 "c:\users\tech\desktop\gasdetector\Main\Main.c"
  32  0003  3510        	clr [16].2
  33  0004              #line 33 "c:\users\tech\desktop\gasdetector\Main\Main.c"
  33  0004  3010        	set [16].0
  35  0005              #line 35 "c:\users\tech\desktop\gasdetector\Main\Main.c"
  35  0005  0FAF        	mov a,175
  35  0006  0099        	mov [25],a
  37  0007              #line 37 "c:\users\tech\desktop\gasdetector\Main\Main.c"
  37  0007  0FA5        	mov a,165
  37  0008  008C        	mov [12],a
  41  0009              #line 41 "c:\users\tech\desktop\gasdetector\Main\Main.c"
"File: Main.c        Assembler  Version HGASM0202      Page 3

  41  0009  3418        	clr [24].0
  43  000A              #line 43 "c:\users\tech\desktop\gasdetector\Main\Main.c"
  43  000A  0F69        	mov a,105
  43  000B  0695        	andm a,[21]
  44  000C              #line 44 "c:\users\tech\desktop\gasdetector\Main\Main.c"
  44  000C  0F06        	mov a,6
  44  000D  0595        	orm a,[21]
  46  000E              #line 46 "c:\users\tech\desktop\gasdetector\Main\Main.c"
  46  000E  071C        	mov a,[28]
  46  000F  0080     E  	mov ra,a
  46  0010  1F1C        	clr [28]
  47  0011              #line 47 "c:\users\tech\desktop\gasdetector\Main\Main.c"
  47  0011  0F0B        	mov a,11
  47  0012  059C        	orm a,[28]
  49  0013              #line 49 "c:\users\tech\desktop\gasdetector\Main\Main.c"
  49  0013  0720        	mov a,[32]
  49  0014  0080     E  	mov ra,a
  49  0015  1F20        	clr [32]
  52  0016              #line 52 "c:\users\tech\desktop\gasdetector\Main\Main.c"
  52  0016  0724        	mov a,[36]
  52  0017  0080     E  	mov ra,a
  52  0018  1F24        	clr [36]
  55  0019              #line 55 "c:\users\tech\desktop\gasdetector\Main\Main.c"
  55  0019  1F56        	clr [86]
  56  001A              #line 56 "c:\users\tech\desktop\gasdetector\Main\Main.c"
  56  001A  0F08        	mov a,8
  56  001B  00D5        	mov [85],a
  58  001C              #line 58 "c:\users\tech\desktop\gasdetector\Main\Main.c"
  58  001C  1F58        	clr [88]
  59  001D              #line 59 "c:\users\tech\desktop\gasdetector\Main\Main.c"
  59  001D  0F0A        	mov a,10
  59  001E  00D7        	mov [87],a
  61  001F              #line 61 "c:\users\tech\desktop\gasdetector\Main\Main.c"
  61  001F  1F5A        	clr [90]
  62  0020              #line 62 "c:\users\tech\desktop\gasdetector\Main\Main.c"
  62  0020  1F59        	clr [89]
  64  0021              #line 64 "c:\users\tech\desktop\gasdetector\Main\Main.c"
  64  0021  1F5B        	clr [91]
  66  0022              #line 66 "c:\users\tech\desktop\gasdetector\Main\Main.c"
  66  0022  319D        	set [29].3
  70  0023              #line 70 "c:\users\tech\desktop\gasdetector\Main\Main.c"
  70  0023  33CC        	set [76].7
  72  0024              #line 72 "c:\users\tech\desktop\gasdetector\Main\Main.c"
  72  0024  304B        	set [75].0
  73  0025              #line 73 "c:\users\tech\desktop\gasdetector\Main\Main.c"
  73  0025  30CB        	set [75].1
  75  0026              #line 75 "c:\users\tech\desktop\gasdetector\Main\Main.c"
  75  0026  304C        	set [76].0
  76  0027              #line 76 "c:\users\tech\desktop\gasdetector\Main\Main.c"
  76  0027  34CC        	clr [76].1
  77  0028              #line 77 "c:\users\tech\desktop\gasdetector\Main\Main.c"
  77  0028  354C        	clr [76].2
  79  0029              #line 79 "c:\users\tech\desktop\gasdetector\Main\Main.c"
  79  0029  3150        	set [80].2
  81  002A              #line 81 "c:\users\tech\desktop\gasdetector\Main\Main.c"
  81  002A  33CD        	set [77].7
  83  002B              #line 83 "c:\users\tech\desktop\gasdetector\Main\Main.c"
  83  002B  304D        	set [77].0
  84  002C              #line 84 "c:\users\tech\desktop\gasdetector\Main\Main.c"
  84  002C  30CD        	set [77].1
"File: Main.c        Assembler  Version HGASM0202      Page 4

  85  002D              #line 85 "c:\users\tech\desktop\gasdetector\Main\Main.c"
  85  002D  314D        	set [77].2
  87  002E              #line 87 "c:\users\tech\desktop\gasdetector\Main\Main.c"
  87  002E  31D0        	set [80].3
 127  002F              #line 127 "c:\users\tech\desktop\gasdetector\Main\Main.c"
 127  002F  3614        	clr [20].4
 128  0030              #line 128 "c:\users\tech\desktop\gasdetector\Main\Main.c"
 128  0030  341F        	clr [31].0
 129  0031              #line 129 "c:\users\tech\desktop\gasdetector\Main\Main.c"
 129  0031  349F        	clr [31].1
 130  0032              #line 130 "c:\users\tech\desktop\gasdetector\Main\Main.c"
 130  0032  351F        	clr [31].2
 131  0033              #line 131 "c:\users\tech\desktop\gasdetector\Main\Main.c"
 131  0033  311B        	set [27].2
 132  0034              #line 132 "c:\users\tech\desktop\gasdetector\Main\Main.c"
 132  0034  2000     E  	call _S_ADC_Init
 132  0035              _L6:
 134  0035              #line 134 "c:\users\tech\desktop\gasdetector\Main\Main.c"
 134  0035  0700     R  	mov a,_delay[0]
 134  0036  0080     E  	mov rd,a
 134  0037  0700     R  	mov a,_delay[1]
 134  0038  0080     E  	mov re,a
 134  0039  0700     R  	mov a,_delay[2]
 134  003A  0080     E  	mov rf,a
 134  003B  0700     R  	mov a,_delay[3]
 134  003C  0080     E  	mov rg,a
 134  003D  0F9F        	mov a,159
 134  003E  0200     E  	sub a,rd
 134  003F  0F86        	mov a,134
 134  0040  1200     E  	sbc a,re
 134  0041  0F01        	mov a,1
 134  0042  1200     E  	sbc a,rf
 134  0043  0F00        	mov a,0
 134  0044  1200     E  	sbc a,rg
 134  0045  380A        	snz c
 134  0046  2800     R  	jmp _L30
 136  0047              #line 136 "c:\users\tech\desktop\gasdetector\Main\Main.c"
 136  0047  0F01        	mov a,1
 136  0048  0300     E  	add a,rd
 136  0049  0080     R  	mov _delay[0],a
 136  004A  0F00        	mov a,0
 136  004B  1300     E  	adc a,re
 136  004C  0080     R  	mov _delay[1],a
 136  004D  0F00        	mov a,0
 136  004E  1300     E  	adc a,rf
 136  004F  0080     R  	mov _delay[2],a
 136  0050  0F00        	mov a,0
 136  0051  1300     E  	adc a,rg
 136  0052  0080     R  	mov _delay[3],a
 137  0053              #line 137 "c:\users\tech\desktop\gasdetector\Main\Main.c"
 137  0053  0F01        	mov a,1
 137  0054  0300     R  	add a,_i[0]
 137  0055  0080     E  	mov rb,a
 137  0056  0F00        	mov a,0
 137  0057  1300     R  	adc a,_i[1]
 137  0058  0080     E  	mov rc,a
 137  0059  0700     E  	mov a,rb
 137  005A  0080     R  	mov _i[0],a
 137  005B  0700     E  	mov a,rc
 137  005C  0080     R  	mov _i[1],a
"File: Main.c        Assembler  Version HGASM0202      Page 5

 138  005D              #line 138 "c:\users\tech\desktop\gasdetector\Main\Main.c"
 138  005D  0FE7        	mov a,231
 138  005E  0200     E  	sub a,rb
 138  005F  0F03        	mov a,3
 138  0060  1200     E  	sbc a,rc
 138  0061  380A        	snz c
 138  0062  2800     R  	jmp _L3
 140  0063              #line 140 "c:\users\tech\desktop\gasdetector\Main\Main.c"
 140  0063  301F        	set [31].0
 141  0064              #line 141 "c:\users\tech\desktop\gasdetector\Main\Main.c"
 141  0064  311F        	set [31].2
 142  0065              #line 142 "c:\users\tech\desktop\gasdetector\Main\Main.c"
 142  0065  309F        	set [31].1
 142  0066  2800     R  	jmp _L4
 142  0067              _L3:
 146  0067              #line 146 "c:\users\tech\desktop\gasdetector\Main\Main.c"
 146  0067  341F        	clr [31].0
 147  0068              #line 147 "c:\users\tech\desktop\gasdetector\Main\Main.c"
 147  0068  351F        	clr [31].2
 148  0069              #line 148 "c:\users\tech\desktop\gasdetector\Main\Main.c"
 148  0069  349F        	clr [31].1
 150  006A              #line 150 "c:\users\tech\desktop\gasdetector\Main\Main.c"
 150  006A  0FD0        	mov a,208
 150  006B  0200     E  	sub a,rb
 150  006C  0F07        	mov a,7
 150  006D  1200     E  	sbc a,rc
 150  006E  3C0A        	sz c
 150  006F  2800     R  	jmp _L4
 153  0070              #line 153 "c:\users\tech\desktop\gasdetector\Main\Main.c"
 153  0070  1F00     R  	clr _i[0]
 153  0071  1F00     R  	clr _i[1]
 154  0072              #line 154 "c:\users\tech\desktop\gasdetector\Main\Main.c"
 154  0072  1480     R  	inc _digcunt[0]
 154  0073  3D0A        	sz z
 154  0074  1480     R  	inc _digcunt[1]
 154  0075              _L4:
 156  0075              #line 156 "c:\users\tech\desktop\gasdetector\Main\Main.c"
 156  0075  0700     R  	mov a,_digcunt[0]
 156  0076  0BFC        	add a,252
 156  0077  0080     E  	mov ra,a
 156  0078  0700     E  	mov a,ra
 156  0079  2000     E  	call _DisplayLooding
 157  007A              #line 157 "c:\users\tech\desktop\gasdetector\Main\Main.c"
 157  007A  0700     R  	mov a,_digcunt[0]
 157  007B  0BFD        	add a,253
 157  007C  0080     E  	mov ra,a
 157  007D  0700     E  	mov a,ra
 157  007E  2000     E  	call _DisplayLooding
 158  007F              #line 158 "c:\users\tech\desktop\gasdetector\Main\Main.c"
 158  007F  0700     R  	mov a,_digcunt[0]
 158  0080  0BFE        	add a,254
 158  0081  0080     E  	mov ra,a
 158  0082  0700     E  	mov a,ra
 158  0083  2000     E  	call _DisplayLooding
 159  0084              #line 159 "c:\users\tech\desktop\gasdetector\Main\Main.c"
 159  0084  1500     R  	deca _digcunt[0]
 159  0085  0080     E  	mov ra,a
 159  0086  0700     E  	mov a,ra
 159  0087  2000     E  	call _DisplayLooding
 160  0088              #line 160 "c:\users\tech\desktop\gasdetector\Main\Main.c"
"File: Main.c        Assembler  Version HGASM0202      Page 6

 160  0088  0700     R  	mov a,_digcunt[0]
 160  0089  2000     E  	call _DisplayLooding
 168  008A              #line 168 "c:\users\tech\desktop\gasdetector\Main\Main.c"
 168  008A  0F04        	mov a,4
 168  008B  0200     R  	sub a,_digcunt[0]
 168  008C  0F00        	mov a,0
 168  008D  1200     R  	sbc a,_digcunt[1]
 168  008E  1185        	swap acc
 168  008F  040A        	xor a,status
 168  0090  3985        	snz acc.3
 168  0091  2800     R  	jmp _L6
 168  0092  1F00     R  	clr _i[0]
 168  0093  1F00     R  	clr _i[1]
 168  0094  1F00     R  	clr _digcunt[0]
 168  0095  1F00     R  	clr _digcunt[1]
 168  0096  2800     R  	jmp _L6
 168  0097              _L30:
 173  0097              #line 173 "c:\users\tech\desktop\gasdetector\Main\Main.c"
 173  0097  1F00     R  	clr _delay[0]
 173  0098  1F00     R  	clr _delay[1]
 173  0099  1F00     R  	clr _delay[2]
 173  009A  1F00     R  	clr _delay[3]
 175  009B              #line 175 "c:\users\tech\desktop\gasdetector\Main\Main.c"
 175  009B  301F        	set [31].0
 175  009C              _L28:
 176  009C              #line 176 "c:\users\tech\desktop\gasdetector\Main\Main.c"
 176  009C  1F00     R  	clr _main_2[0]
 176  009D  1F00     R  	clr _main_2[1]
 176  009E              _L8:
 178  009E              #line 178 "c:\users\tech\desktop\gasdetector\Main\Main.c"
 178  009E  1F00     R  	clr _i[0]
 178  009F  1F00     R  	clr _i[1]
 188  00A0              #line 188 "c:\users\tech\desktop\gasdetector\Main\Main.c"
 188  00A0  0F00        	mov a,0
 188  00A1  2000     E  	call _S_READ_ADC
 188  00A2  0700     E  	mov a,rb
 188  00A3  0080     E  	mov rc,a
 188  00A4  0700     E  	mov a,ra
 188  00A5  0080     E  	mov rb,a
 188  00A6  0700     E  	mov a,rb
 188  00A7  0080     R  	mov _Parametr[0],a
 188  00A8  0700     E  	mov a,rc
 188  00A9  0080     R  	mov _Parametr[1],a
 190  00AA              #line 190 "c:\users\tech\desktop\gasdetector\Main\Main.c"
 190  00AA  0FFA        	mov a,250
 190  00AB  0200     E  	sub a,rb
 190  00AC  0F00        	mov a,0
 190  00AD  1200     E  	sbc a,rc
 190  00AE  380A        	snz c
 190  00AF  2800     R  	jmp _L21
 197  00B0              #line 197 "c:\users\tech\desktop\gasdetector\Main\Main.c"
 197  00B0  3D9B        	sz [27].3
 197  00B1  2800     R  	jmp _L10
 199  00B2              #line 199 "c:\users\tech\desktop\gasdetector\Main\Main.c"
 199  00B2  3000     R  	set _pushButtonState
 200  00B3              #line 200 "c:\users\tech\desktop\gasdetector\Main\Main.c"
 200  00B3  0F01        	mov a,1
 200  00B4  0380     R  	addm a,_pushButtonCunter[0]
 200  00B5  0F00        	mov a,0
 200  00B6  1380     R  	adcm a,_pushButtonCunter[1]
"File: Main.c        Assembler  Version HGASM0202      Page 7

 200  00B7  1380     R  	adcm a,_pushButtonCunter[2]
 200  00B8  1380     R  	adcm a,_pushButtonCunter[3]
 200  00B9  2800     R  	jmp _L9
 200  00BA              _L10:
 206  00BA              #line 206 "c:\users\tech\desktop\gasdetector\Main\Main.c"
 206  00BA  3800     R  	snz _pushButtonState
 206  00BB  2800     R  	jmp _L9
 206  00BC  0700     R  	mov a,_pushButtonCunter[0]
 206  00BD  0080     E  	mov rd,a
 206  00BE  0700     R  	mov a,_pushButtonCunter[1]
 206  00BF  0080     E  	mov re,a
 206  00C0  0700     R  	mov a,_pushButtonCunter[2]
 206  00C1  0080     E  	mov rf,a
 206  00C2  0700     R  	mov a,_pushButtonCunter[3]
 206  00C3  0080     E  	mov rg,a
 206  00C4  0FF4        	mov a,244
 206  00C5  0200     E  	sub a,rd
 206  00C6  0F01        	mov a,1
 206  00C7  1200     E  	sbc a,re
 206  00C8  0F00        	mov a,0
 206  00C9  1200     E  	sbc a,rf
 206  00CA  0F00        	mov a,0
 206  00CB  1200     E  	sbc a,rg
 206  00CC  380A        	snz c
 206  00CD  2800     R  	jmp _L22
 210  00CE              #line 210 "c:\users\tech\desktop\gasdetector\Main\Main.c"
 210  00CE  0FF5        	mov a,245
 210  00CF  0380     E  	addm a,rd
 210  00D0  0FFF        	mov a,255
 210  00D1  1380     E  	adcm a,re
 210  00D2  1380     E  	adcm a,rf
 210  00D3  1380     E  	adcm a,rg
 210  00D4  0FE8        	mov a,232
 210  00D5  0200     E  	sub a,rd
 210  00D6  0F01        	mov a,1
 210  00D7  1200     E  	sbc a,re
 210  00D8  0F00        	mov a,0
 210  00D9  1200     E  	sbc a,rf
 210  00DA  0F00        	mov a,0
 210  00DB  1200     E  	sbc a,rg
 210  00DC  380A        	snz c
 210  00DD  2800     R  	jmp _L9
 212  00DE              #line 212 "c:\users\tech\desktop\gasdetector\Main\Main.c"
 212  00DE  0F01        	mov a,1
 212  00DF  0080     R  	mov _main_2[0],a
 212  00E0  1F00     R  	clr _main_2[1]
 212  00E1  2800     R  	jmp _L9
 212  00E2              _L21:
 192  00E2              #line 192 "c:\users\tech\desktop\gasdetector\Main\Main.c"
 192  00E2  0F03        	mov a,3
 192  00E3  0080     R  	mov _main_2[0],a
 192  00E4  1F00     R  	clr _main_2[1]
 192  00E5  2800     R  	jmp _L9
 192  00E6              _L22:
 208  00E6              #line 208 "c:\users\tech\desktop\gasdetector\Main\Main.c"
 208  00E6  0F02        	mov a,2
 208  00E7  0080     R  	mov _main_2[0],a
 208  00E8  1F00     R  	clr _main_2[1]
 208  00E9              _L9:
 241  00E9              #line 241 "c:\users\tech\desktop\gasdetector\Main\Main.c"
"File: Main.c        Assembler  Version HGASM0202      Page 8

 241  00E9  3B14        	snz [20].6
 241  00EA  2800     R  	jmp _L11
 241  00EB  0F05        	mov a,5
 241  00EC  0200     E  	sub a,rb
 241  00ED  0F00        	mov a,0
 241  00EE  1200     E  	sbc a,rc
 241  00EF  3C0A        	sz c
 241  00F0  2800     R  	jmp _L12
 241  00F1              _L11:
 245  00F1              #line 245 "c:\users\tech\desktop\gasdetector\Main\Main.c"
 245  00F1  3F14        	sz [20].6
 245  00F2  2800     R  	jmp _L13
 245  00F3  0F03        	mov a,3
 245  00F4  0200     E  	sub a,rb
 245  00F5  0F00        	mov a,0
 245  00F6  1200     E  	sbc a,rc
 245  00F7  380A        	snz c
 245  00F8  2800     R  	jmp _L12
 245  00F9              _L13:
 250  00F9              #line 250 "c:\users\tech\desktop\gasdetector\Main\Main.c"
 250  00F9  0714        	mov a,[20]
 250  00FA  0080     E  	mov ra,a
 250  00FB              _L12:
 257  00FB              #line 257 "c:\users\tech\desktop\gasdetector\Main\Main.c"
 257  00FB  0700     R  	mov a,_main_2[0]
 257  00FC  0C01        	xor a,1
 257  00FD  0500     R  	or a,_main_2[1]
 257  00FE  3D0A        	sz z
 257  00FF  2800     R  	jmp _L15
 257  0100  0700     R  	mov a,_main_2[0]
 257  0101  0C02        	xor a,2
 257  0102  0500     R  	or a,_main_2[1]
 257  0103  3D0A        	sz z
 257  0104  2800     R  	jmp _L16
 257  0105  0700     R  	mov a,_main_2[0]
 257  0106  0C03        	xor a,3
 257  0107  0500     R  	or a,_main_2[1]
 257  0108  3D0A        	sz z
 257  0109  2800     R  	jmp _L20
 260  010A              #line 260 "c:\users\tech\desktop\gasdetector\Main\Main.c"
 260  010A  3614        	clr [20].4
 261  010B              #line 261 "c:\users\tech\desktop\gasdetector\Main\Main.c"
 261  010B  349F        	clr [31].1
 262  010C              #line 262 "c:\users\tech\desktop\gasdetector\Main\Main.c"
 262  010C  351F        	clr [31].2
 263  010D              #line 263 "c:\users\tech\desktop\gasdetector\Main\Main.c"
 263  010D  301F        	set [31].0
 264  010E              #line 264 "c:\users\tech\desktop\gasdetector\Main\Main.c"
 264  010E  0F00        	mov a,0
 264  010F  2000     E  	call _S_READ_ADC
 264  0110  0700     E  	mov a,ra
 264  0111  0080     R  	mov _Parametr[0],a
 264  0112  0700     E  	mov a,rb
 264  0113  0080     R  	mov _Parametr[1],a
 265  0114              #line 265 "c:\users\tech\desktop\gasdetector\Main\Main.c"
 265  0114  0F6F        	mov a,111
 265  0115  0080     E  	mov _Display_2[2],a
 265  0116  0700     E  	mov a,ra
 265  0117  0080     E  	mov _Display_2[0],a
 265  0118  0700     E  	mov a,rb
"File: Main.c        Assembler  Version HGASM0202      Page 9

 265  0119  0080     E  	mov _Display_2[1],a
 265  011A  2000     E  	call _Display
 265  011B  2800     R  	jmp _L28
 265  011C              _L16:
 269  011C              #line 269 "c:\users\tech\desktop\gasdetector\Main\Main.c"
 269  011C  1480     R  	inc _Cunter[0]
 269  011D  3D0A        	sz z
 269  011E  1480     R  	inc _Cunter[1]
 270  011F              #line 270 "c:\users\tech\desktop\gasdetector\Main\Main.c"
 270  011F  3214        	set [20].4
 271  0120              #line 271 "c:\users\tech\desktop\gasdetector\Main\Main.c"
 271  0120  311B        	set [27].2
 272  0121              #line 272 "c:\users\tech\desktop\gasdetector\Main\Main.c"
 272  0121  309F        	set [31].1
 273  0122              #line 273 "c:\users\tech\desktop\gasdetector\Main\Main.c"
 273  0122  301F        	set [31].0
 274  0123              #line 274 "c:\users\tech\desktop\gasdetector\Main\Main.c"
 274  0123  311F        	set [31].2
 275  0124              #line 275 "c:\users\tech\desktop\gasdetector\Main\Main.c"
 275  0124  0F30        	mov a,48
 275  0125  0080     E  	mov _Display_2[2],a
 275  0126  0FB8        	mov a,-72
 275  0127  0080     E  	mov _Display_2[0],a
 275  0128  0F22        	mov a,34
 275  0129  0080     E  	mov _Display_2[1],a
 275  012A  2000     E  	call _Display
 276  012B              #line 276 "c:\users\tech\desktop\gasdetector\Main\Main.c"
 276  012B  3400     R  	clr _pushButtonState
 277  012C              #line 277 "c:\users\tech\desktop\gasdetector\Main\Main.c"
 277  012C  1F00     R  	clr _pushButtonCunter[0]
 277  012D  1F00     R  	clr _pushButtonCunter[1]
 277  012E  1F00     R  	clr _pushButtonCunter[2]
 277  012F  1F00     R  	clr _pushButtonCunter[3]
 278  0130              #line 278 "c:\users\tech\desktop\gasdetector\Main\Main.c"
 278  0130  0FE8        	mov a,232
 278  0131  0200     R  	sub a,_Cunter[0]
 278  0132  0F03        	mov a,3
 278  0133  1200     R  	sbc a,_Cunter[1]
 278  0134  3C0A        	sz c
 278  0135  2800     R  	jmp _L8
 280  0136              #line 280 "c:\users\tech\desktop\gasdetector\Main\Main.c"
 280  0136  1F00     R  	clr _Cunter[0]
 280  0137  1F00     R  	clr _Cunter[1]
 280  0138  2800     R  	jmp _L28
 280  0139              _L15:
 287  0139              #line 287 "c:\users\tech\desktop\gasdetector\Main\Main.c"
 287  0139  1480     R  	inc _Cunter[4]
 287  013A  3D0A        	sz z
 287  013B  1480     R  	inc _Cunter[5]
 288  013C              #line 288 "c:\users\tech\desktop\gasdetector\Main\Main.c"
 288  013C  3614        	clr [20].4
 289  013D              #line 289 "c:\users\tech\desktop\gasdetector\Main\Main.c"
 289  013D  349F        	clr [31].1
 290  013E              #line 290 "c:\users\tech\desktop\gasdetector\Main\Main.c"
 290  013E  351F        	clr [31].2
 291  013F              #line 291 "c:\users\tech\desktop\gasdetector\Main\Main.c"
 291  013F  301F        	set [31].0
 292  0140              #line 292 "c:\users\tech\desktop\gasdetector\Main\Main.c"
 292  0140  0F02        	mov a,2
 292  0141  2000     E  	call _S_READ_ADC
"File: Main.c        Assembler  Version HGASM0202      Page 10

 292  0142  0700     E  	mov a,ra  
 292  0143  0080     E  	mov _builtin_holtek_mulhi3_2[0],a  
 292  0144  0700     E  	mov a,rb  
 292  0145  0080     E  	mov _builtin_holtek_mulhi3_2[1],a
 292  0146  0F64        	mov a,100  
 292  0147  0080     E  	mov _builtin_holtek_mulhi3_2[2],a  
 292  0148  1F00     E  	clr _builtin_holtek_mulhi3_2[3]
 292  0149  2000     E  	call _builtin_holtek_mulhi3
 292  014A  0700     E  	mov a,_builtin_holtek_mulhi3_2[4]  
 292  014B  0080     E  	mov rb,a  
 292  014C  0700     E  	mov a,_builtin_holtek_mulhi3_2[5]  
 292  014D  0080     E  	mov rc,a
 292  014E  0F88        	mov a,136
 292  014F  0380     E  	addm a,rb
 292  0150  0F19        	mov a,25
 292  0151  1380     E  	adcm a,rc
 292  0152  1F00     E  	clr _builtin_holtek_udivmodhi4_2[6]
 292  0153  0700     E  	mov a,rb  
 292  0154  0080     E  	mov _builtin_holtek_udivmodhi4_2[0],a  
 292  0155  0700     E  	mov a,rc  
 292  0156  0080     E  	mov _builtin_holtek_udivmodhi4_2[1],a
 292  0157  0F7A        	mov a,122  
 292  0158  0080     E  	mov _builtin_holtek_udivmodhi4_2[2],a  
 292  0159  0F03        	mov a,3  
 292  015A  0080     E  	mov _builtin_holtek_udivmodhi4_2[3],a
 292  015B  2000     E  	call _builtin_holtek_udivmodhi4
 292  015C  0700     E  	mov a,_builtin_holtek_udivmodhi4_2[0]  
 292  015D  0080     E  	mov rb,a  
 292  015E  0700     E  	mov a,_builtin_holtek_udivmodhi4_2[1]  
 292  015F  0080     E  	mov rc,a
 292  0160  0FB2        	mov a,178
 292  0161  0380     E  	addm a,rb
 292  0162  0FFD        	mov a,253
 292  0163  1380     E  	adcm a,rc
 292  0164  0700     E  	mov a,rb
 292  0165  0080     R  	mov _Parametr[0],a
 292  0166  0700     E  	mov a,rc
 292  0167  0080     R  	mov _Parametr[1],a
 293  0168              #line 293 "c:\users\tech\desktop\gasdetector\Main\Main.c"
 293  0168  0F30        	mov a,48
 293  0169  0080     E  	mov _Display_2[2],a
 293  016A  0700     E  	mov a,rb
 293  016B  0080     E  	mov _Display_2[0],a
 293  016C  0700     E  	mov a,rc
 293  016D  0080     E  	mov _Display_2[1],a
 293  016E  2000     E  	call _Display
 295  016F              #line 295 "c:\users\tech\desktop\gasdetector\Main\Main.c"
 295  016F  3400     R  	clr _pushButtonState
 296  0170              #line 296 "c:\users\tech\desktop\gasdetector\Main\Main.c"
 296  0170  1F00     R  	clr _pushButtonCunter[0]
 296  0171  1F00     R  	clr _pushButtonCunter[1]
 296  0172  1F00     R  	clr _pushButtonCunter[2]
 296  0173  1F00     R  	clr _pushButtonCunter[3]
 297  0174              #line 297 "c:\users\tech\desktop\gasdetector\Main\Main.c"
 297  0174  0FF4        	mov a,244
 297  0175  0200     R  	sub a,_Cunter[4]
 297  0176  0F01        	mov a,1
 297  0177  1200     R  	sbc a,_Cunter[5]
 297  0178  3C0A        	sz c
 297  0179  2800     R  	jmp _L8
"File: Main.c        Assembler  Version HGASM0202      Page 11

 300  017A              #line 300 "c:\users\tech\desktop\gasdetector\Main\Main.c"
 300  017A  1F00     R  	clr _Cunter[4]
 300  017B  1F00     R  	clr _Cunter[5]
 300  017C  2800     R  	jmp _L28
 300  017D              _L20:
 310  017D              #line 310 "c:\users\tech\desktop\gasdetector\Main\Main.c"
 310  017D  3214        	set [20].4
 311  017E              #line 311 "c:\users\tech\desktop\gasdetector\Main\Main.c"
 311  017E  309F        	set [31].1
 312  017F              #line 312 "c:\users\tech\desktop\gasdetector\Main\Main.c"
 312  017F  311B        	set [27].2
 313  0180              #line 313 "c:\users\tech\desktop\gasdetector\Main\Main.c"
 313  0180  0F30        	mov a,48
 313  0181  0080     E  	mov _Display_2[2],a
 313  0182  0FFA        	mov a,-6
 313  0183  0080     E  	mov _Display_2[0],a
 313  0184  1F00     E  	clr _Display_2[1]
 313  0185  2000     E  	call _Display
 314  0186              #line 314 "c:\users\tech\desktop\gasdetector\Main\Main.c"
 314  0186  3D9B        	sz [27].3
 314  0187  2800     R  	jmp _L20
 316  0188              #line 316 "c:\users\tech\desktop\gasdetector\Main\Main.c"
 316  0188  3614        	clr [20].4
 317  0189              #line 317 "c:\users\tech\desktop\gasdetector\Main\Main.c"
 317  0189  349F        	clr [31].1
 318  018A              #line 318 "c:\users\tech\desktop\gasdetector\Main\Main.c"
 318  018A  3400     R  	clr _pushButtonState
 319  018B              #line 319 "c:\users\tech\desktop\gasdetector\Main\Main.c"
 319  018B  1F00     R  	clr _pushButtonCunter[0]
 319  018C  1F00     R  	clr _pushButtonCunter[1]
 319  018D  1F00     R  	clr _pushButtonCunter[2]
 319  018E  1F00     R  	clr _pushButtonCunter[3]
 319  018F  2800     R  	jmp _L28
 319  0190  2800     R  	jmp $
 319  0191              _main endp
 319  0191              
 319  0191              @dummy endp
 319  0191              
 319  0191              #line 319 "c:\users\tech\desktop\gasdetector\Main\Main.c"
 319  0191              #pragma debug scope 1 1
 319  0191              public _pushButtonCunter
 319  0000              @HCCINIT	.section 'data'

 105  0000              #line 105 "C:\Users\Tech\Desktop\GasDetector\Main/Main.h"
 105  0000              @HCCINIT .section 'data'
 105  0000              _pushButtonCunter label byte
 105  0000              #pragma debug variable 14 1 _pushButtonCunter "pushButtonCunter"
 105  0000              	db 0
 105  0000              @ROMDATA_BASE .section inpage 'code'
 105  0000              	db 0
 105  0001              @HCCINIT .section 'data'
 105  0001              	db 0
 105  0001              @ROMDATA_BASE .section inpage 'code'
 105  0001              	db 0
 105  0002              @HCCINIT .section 'data'
 105  0002              	db 0
 105  0001              @ROMDATA_BASE .section inpage 'code'
 105  0001              	db 0
 105  0003              @HCCINIT .section 'data'
 105  0003              	db 0
"File: Main/Main.h   Assembler  Version HGASM0202      Page 12

 105  0002              @ROMDATA_BASE .section inpage 'code'
 105  0002              	db 0
 105  0004              @HCCINIT .section 'data'
 105  0004              public _pushButtonState
 104  0004              #line 104 "C:\Users\Tech\Desktop\GasDetector\Main/Main.h"
 104  0000              @BITDATASEC .section 'data'
 104  0000  00          _pushButtonState	dbit 0
 104  0001              #pragma debug variable 2 1 _pushButtonState "pushButtonState"
  91  0001              #line 91 "C:\Users\Tech\Desktop\GasDetector\Main/Main.h"
  91  0001              public _Cunter
  91  0000              @HCCINIT0 .section 'data'
  91  0000  0006[       _Cunter	db 6 dup(0)
            00
            ]
  91  0006              #pragma debug struct_end
  91  0006              #pragma debug struct_end
  91  0006              #pragma debug variable 42 1 _Cunter "Cunter"
  91  0006              
  91  0004              @HCCINIT .section 'data'
  76  0004              #line 76 "C:\Users\Tech\Desktop\GasDetector\Main/Main.h"
  76  0004              public _Parametr
  76  0006              @HCCINIT0 .section 'data'
  76  0006  0002[       _Parametr	db 2 dup(0)
            00
            ]
  76  0008              #pragma debug union_end
  76  0008              #pragma debug union_end
  76  0008              #pragma debug variable 43 1 _Parametr "Parametr"
  76  0008              
  76  0004              @HCCINIT .section 'data'
  76  0004              public _i
  68  0004              #line 68 "C:\Users\Tech\Desktop\GasDetector\Main/Main.h"
  68  0004              @HCCINIT .section 'data'
  68  0004              _i label byte
  68  0004              #pragma debug variable 12 1 _i "i"
  68  0004              	db 0
  68  0002              @ROMDATA_BASE .section inpage 'code'
  68  0002              	db 0
  68  0005              @HCCINIT .section 'data'
  68  0005              	db 0
  68  0003              @ROMDATA_BASE .section inpage 'code'
  68  0003              	db 0
  68  0006              @HCCINIT .section 'data'
  68  0006              public _digcunt
  67  0006              #line 67 "C:\Users\Tech\Desktop\GasDetector\Main/Main.h"
  67  0006              @HCCINIT .section 'data'
  67  0006              _digcunt label byte
  67  0006              #pragma debug variable 11 1 _digcunt "digcunt"
  67  0006              	db 0
  67  0003              @ROMDATA_BASE .section inpage 'code'
  67  0003              	db 0
  67  0007              @HCCINIT .section 'data'
  67  0007              	db 0
  67  0004              @ROMDATA_BASE .section inpage 'code'
  67  0004              	db 0
  67  0008              @HCCINIT .section 'data'
  67  0008              public _Numbr
  66  0008              #line 66 "C:\Users\Tech\Desktop\GasDetector\Main/Main.h"
  66  0008              @HCCINIT .section 'data'
  66  0008              _Numbr label byte
"File: Main/Main.h   Assembler  Version HGASM0202      Page 13

  66  0008              #pragma debug variable 11 1 _Numbr "Numbr"
  66  0008              	db 0
  66  0004              @ROMDATA_BASE .section inpage 'code'
  66  0004              	db 0
  66  0009              @HCCINIT .section 'data'
  66  0009              	db 0
  66  0005              @ROMDATA_BASE .section inpage 'code'
  66  0005              	db 0
  66  000A              @HCCINIT .section 'data'
  27  000A              #line 27 "C:\Users\Tech\Desktop\GasDetector\Main/Main.h"
  27  000A              public _falt_BAT
  27  0001              @BITDATASEC .section 'data'
  27  0000              _falt_BAT	dbit 0
  27  0001              #pragma debug variable 2 1 _falt_BAT "falt_BAT"
  27  0001              
  27  000A              @HCCINIT .section 'data'
  26  000A              #line 26 "C:\Users\Tech\Desktop\GasDetector\Main/Main.h"
  26  000A              public _fire_gas
  26  0001              @BITDATASEC .section 'data'
  26  0000              _fire_gas	dbit 0
  26  0001              #pragma debug variable 2 1 _fire_gas "fire_gas"
  26  0001              
  26  000A              @HCCINIT .section 'data'
  26  000A              public _PB
  25  000A              #line 25 "C:\Users\Tech\Desktop\GasDetector\Main/Main.h"
  25  0001              @BITDATASEC .section 'data'
  25  0000              _PB	dbit 0
  25  0001              #pragma debug variable 2 1 _PB "PB"
  24  0001              #line 24 "C:\Users\Tech\Desktop\GasDetector\Main/Main.h"
  24  0001              public _disply_bat
  24  0001              @BITDATASEC .section 'data'
  24  0000              _disply_bat	dbit 0
  24  0001              #pragma debug variable 2 1 _disply_bat "disply_bat"
  24  0001              
  24  000A              @HCCINIT .section 'data'
  22  000A              #line 22 "C:\Users\Tech\Desktop\GasDetector\Main/Main.h"
  22  000A              public _Digit
  22  0008              @HCCINIT0 .section 'data'
  22  0008  0008[       _Digit	db 8 dup(0)
            00
            ]
  22  0010              #pragma debug array 44 12 4 1
  22  0010              #pragma debug array 44 12 4 1
  22  0010              #pragma debug variable 44 1 _Digit "Digit"
  22  0010              
  22  000A              @HCCINIT .section 'data'
  22  000A              public _AN
  20  000A              #line 20 "C:\Users\Tech\Desktop\GasDetector\Main/Main.h"
  20  000A              @HCCINIT .section 'data'
  20  000A              _AN label byte
  20  000A              #pragma debug variable 8 1 _AN "AN"
  20  000A              	db 0
  20  0005              @ROMDATA_BASE .section inpage 'code'
  20  0005              	db 0
  20  000B              @HCCINIT .section 'data'
  20  000B              public _delay
  18  000B              #line 18 "C:\Users\Tech\Desktop\GasDetector\Main/Main.h"
  18  000B              @HCCINIT .section 'data'
  18  000B              _delay label byte
  18  000B              #pragma debug variable 14 1 _delay "delay"
"File: Main/Main.h   Assembler  Version HGASM0202      Page 14

  18  000B              	db 0
  18  0006              @ROMDATA_BASE .section inpage 'code'
  18  0006              	db 0
  18  000C              @HCCINIT .section 'data'
  18  000C              	db 0
  18  0006              @ROMDATA_BASE .section inpage 'code'
  18  0006              	db 0
  18  000D              @HCCINIT .section 'data'
  18  000D              	db 0
  18  0007              @ROMDATA_BASE .section inpage 'code'
  18  0007              	db 0
  18  000E              @HCCINIT .section 'data'
  18  000E              	db 0
  18  0007              @ROMDATA_BASE .section inpage 'code'
  18  0007              	db 0
  18  000F              @HCCINIT .section 'data'
  18  000F              public _disply
  16  000F              #line 16 "C:\Users\Tech\Desktop\GasDetector\Main/Main.h"
  16  000F              @HCCINIT .section 'data'
  16  000F              _disply label byte
  16  000F              #pragma debug variable 12 1 _disply "disply"
  16  000F              	db 0
  16  0008              @ROMDATA_BASE .section inpage 'code'
  16  0008              	db 0
  16  0010              @HCCINIT .section 'data'
  16  0010              	db 0
  16  0008              @ROMDATA_BASE .section inpage 'code'
  16  0008              	db 0
  16  0011              @HCCINIT .section 'data'
  16  0011              public _BAT
  14  0011              #line 14 "C:\Users\Tech\Desktop\GasDetector\Main/Main.h"
  14  0011              @HCCINIT .section 'data'
  14  0011              _BAT label byte
  14  0011              #pragma debug variable 8 1 _BAT "BAT"
  14  0011              	db 0
  14  0009              @ROMDATA_BASE .section inpage 'code'
  14  0009              	db 0
  14  0012              @HCCINIT .section 'data'
  14  0012              public _t1
  13  0012              #line 13 "C:\Users\Tech\Desktop\GasDetector\Main/Main.h"
  13  0012              @HCCINIT .section 'data'
  13  0012              _t1 label byte
  13  0012              #pragma debug variable 12 1 _t1 "t1"
  13  0012              	db 0
  13  0009              @ROMDATA_BASE .section inpage 'code'
  13  0009              	db 0
  13  0013              @HCCINIT .section 'data'
  13  0013              	db 0
  13  000A              @ROMDATA_BASE .section inpage 'code'
  13  000A              	db 0
  13  0014              @HCCINIT .section 'data'
  13  0014              public _adc
  12  0014              #line 12 "C:\Users\Tech\Desktop\GasDetector\Main/Main.h"
  12  0014              @HCCINIT .section 'data'
  12  0014              _adc label byte
  12  0014              #pragma debug variable 8 1 _adc "adc"
  12  0014              	db 0
  12  000A              @ROMDATA_BASE .section inpage 'code'
  12  000A              	db 0
  12  0015              @HCCINIT .section 'data'
"File: Main/Main.h   Assembler  Version HGASM0202      Page 15

  12  0015              public _adc_GAS
  10  0015              #line 10 "C:\Users\Tech\Desktop\GasDetector\Main/Main.h"
  10  0015              @HCCINIT .section 'data'
  10  0015              _adc_GAS label byte
  10  0015              #pragma debug variable 12 1 _adc_GAS "adc_GAS"
  10  0015              	db 0
  10  000B              @ROMDATA_BASE .section inpage 'code'
  10  000B              	db 0
  10  0016              @HCCINIT .section 'data'
  10  0016              	db 0
  10  000B              @ROMDATA_BASE .section inpage 'code'
  10  000B              	db 0
  10  0017              @HCCINIT .section 'data'
  10  0017              public _BAT_ADC_D
   9  0017              #line 9 "C:\Users\Tech\Desktop\GasDetector\Main/Main.h"
   9  0017              @HCCINIT .section 'data'
   9  0017              _BAT_ADC_D label byte
   9  0017              #pragma debug variable 12 1 _BAT_ADC_D "BAT_ADC_D"
   9  0017              	db 0
   9  000C              @ROMDATA_BASE .section inpage 'code'
   9  000C              	db 0
   9  0018              @HCCINIT .section 'data'
   9  0018              	db 0
   9  000C              @ROMDATA_BASE .section inpage 'code'
   9  000C              	db 0
   9  0019              @HCCINIT .section 'data'
   9  0019              public _BAT_ADC
   8  0019              #line 8 "C:\Users\Tech\Desktop\GasDetector\Main/Main.h"
   8  0019              @HCCINIT .section 'data'
   8  0019              _BAT_ADC label byte
   8  0019              #pragma debug variable 12 1 _BAT_ADC "BAT_ADC"
   8  0019              	db 0
   8  000D              @ROMDATA_BASE .section inpage 'code'
   8  000D              	db 0
   8  001A              @HCCINIT .section 'data'
   8  001A              	db 0
   8  000D              @ROMDATA_BASE .section inpage 'code'
   8  000D              	db 0
   8  001B              @HCCINIT .section 'data'
   8  001B              public _GAS_ERR
   7  001B              #line 7 "C:\Users\Tech\Desktop\GasDetector\Main/Main.h"
   7  001B              @HCCINIT .section 'data'
   7  001B              _GAS_ERR label byte
   7  001B              #pragma debug variable 12 1 _GAS_ERR "GAS_ERR"
   7  001B              	db 0
   7  000E              @ROMDATA_BASE .section inpage 'code'
   7  000E              	db 0
   7  001C              @HCCINIT .section 'data'
   7  001C              	db 0
   7  000E              @ROMDATA_BASE .section inpage 'code'
   7  000E              	db 0
   7  001D              @HCCINIT .section 'data'
   6  001D              #line 6 "C:\Users\Tech\Desktop\GasDetector\Main/Main.h"
   6  001D              public _SEG
   6  0010              @HCCINIT0 .section 'data'
   6  0010              _SEG	db 0
   6  0011              #pragma debug variable 8 1 _SEG "SEG"
   6  0011              
   6  001D              @HCCINIT .section 'data'
   6  001D              #pragma debug struct_end
"File: Main/Main.h   Assembler  Version HGASM0202      Page 16

   6  001D              #pragma debug struct_end
   6  001D              #pragma debug union_end
   6  001D              #pragma debug union_end
   6  001D              #pragma debug variable 46 1 ___lvrc "__lvrc" 1
   6  001D              #pragma debug struct_end
   6  001D              #pragma debug struct_end
   6  001D              #pragma debug union_end
   6  001D              #pragma debug union_end
   6  001D              #pragma debug variable 48 1 ___scc "__scc" 1
   6  001D              #pragma debug struct_end
   6  001D              #pragma debug struct_end
   6  001D              #pragma debug union_end
   6  001D              #pragma debug union_end
   6  001D              #pragma debug variable 50 1 ___pa "__pa" 1
   6  001D              #pragma debug struct_end
   6  001D              #pragma debug struct_end
   6  001D              #pragma debug union_end
   6  001D              #pragma debug union_end
   6  001D              #pragma debug variable 52 1 ___pac "__pac" 1
   6  001D              #pragma debug struct_end
   6  001D              #pragma debug struct_end
   6  001D              #pragma debug union_end
   6  001D              #pragma debug union_end
   6  001D              #pragma debug variable 54 1 ___lvpuc "__lvpuc" 1
   6  001D              #pragma debug struct_end
   6  001D              #pragma debug struct_end
   6  001D              #pragma debug union_end
   6  001D              #pragma debug union_end
   6  001D              #pragma debug variable 56 1 ___wdtc "__wdtc" 1
   6  001D              #pragma debug struct_end
   6  001D              #pragma debug struct_end
   6  001D              #pragma debug union_end
   6  001D              #pragma debug union_end
   6  001D              #pragma debug variable 58 1 ___pb "__pb" 1
   6  001D              #pragma debug struct_end
   6  001D              #pragma debug struct_end
   6  001D              #pragma debug union_end
   6  001D              #pragma debug union_end
   6  001D              #pragma debug variable 60 1 ___pbc "__pbc" 1
   6  001D              #pragma debug struct_end
   6  001D              #pragma debug struct_end
   6  001D              #pragma debug union_end
   6  001D              #pragma debug union_end
   6  001D              #pragma debug variable 62 1 ___pbpu "__pbpu" 1
   6  001D              #pragma debug struct_end
   6  001D              #pragma debug struct_end
   6  001D              #pragma debug union_end
   6  001D              #pragma debug union_end
   6  001D              #pragma debug variable 64 1 ___pc "__pc" 1
   6  001D              #pragma debug struct_end
   6  001D              #pragma debug struct_end
   6  001D              #pragma debug union_end
   6  001D              #pragma debug union_end
   6  001D              #pragma debug variable 66 1 ___pcc "__pcc" 1
   6  001D              #pragma debug struct_end
   6  001D              #pragma debug struct_end
   6  001D              #pragma debug union_end
   6  001D              #pragma debug union_end
   6  001D              #pragma debug variable 68 1 ___pdc "__pdc" 1
   6  001D              #pragma debug struct_end
"File: Main/Main.h   Assembler  Version HGASM0202      Page 17

   6  001D              #pragma debug struct_end
   6  001D              #pragma debug union_end
   6  001D              #pragma debug union_end
   6  001D              #pragma debug variable 70 1 ___pscr "__pscr" 1
   6  001D              #pragma debug struct_end
   6  001D              #pragma debug struct_end
   6  001D              #pragma debug union_end
   6  001D              #pragma debug union_end
   6  001D              #pragma debug variable 72 1 ___tb0c "__tb0c" 1
   6  001D              #pragma debug struct_end
   6  001D              #pragma debug struct_end
   6  001D              #pragma debug union_end
   6  001D              #pragma debug union_end
   6  001D              #pragma debug variable 74 1 ___tb1c "__tb1c" 1
   6  001D              #pragma debug struct_end
   6  001D              #pragma debug struct_end
   6  001D              #pragma debug union_end
   6  001D              #pragma debug union_end
   6  001D              #pragma debug variable 76 1 ___intc1 "__intc1" 1
   6  001D              #pragma debug struct_end
   6  001D              #pragma debug struct_end
   6  001D              #pragma debug union_end
   6  001D              #pragma debug union_end
   6  001D              #pragma debug variable 78 1 ___pas0 "__pas0" 1
   6  001D              #pragma debug struct_end
   6  001D              #pragma debug struct_end
   6  001D              #pragma debug union_end
   6  001D              #pragma debug union_end
   6  001D              #pragma debug variable 80 1 ___pas1 "__pas1" 1
   6  001D              #pragma debug struct_end
   6  001D              #pragma debug struct_end
   6  001D              #pragma debug union_end
   6  001D              #pragma debug union_end
   6  001D              #pragma debug variable 82 1 ___pbs0 "__pbs0" 1
   6  001D              #pragma debug struct_end
   6  001D              #pragma debug struct_end
   6  001D              #pragma debug union_end
   6  001D              #pragma debug union_end
   6  001D              #pragma debug variable 84 1 ___pbs1 "__pbs1" 1
   6  001D              #pragma debug struct_end
   6  001D              #pragma debug struct_end
   6  001D              #pragma debug union_end
   6  001D              #pragma debug union_end
   6  001D              #pragma debug variable 86 1 ___pcs0 "__pcs0" 1
   6  001D              #pragma debug struct_end
   6  001D              #pragma debug struct_end
   6  001D              #pragma debug union_end
   6  001D              #pragma debug union_end
   6  001D              #pragma debug variable 88 1 ___pcs1 "__pcs1" 1
   6  001D              #pragma debug struct_end
   6  001D              #pragma debug struct_end
   6  001D              #pragma debug union_end
   6  001D              #pragma debug union_end
   6  001D              #pragma debug variable 90 1 ___pds0 "__pds0" 1

   5  001D              #line 5 "c:\users\tech\desktop\gasdetector\Main\Main.c"
   5  0000              @code .section at 0 'code'
   5  0000  2800     R  	jmp _main_startup1
   5  0001              
   5  0001              extern _S_ADC_Init:near
"File: Main.c        Assembler  Version HGASM0202      Page 18

   5  0001              extern _DisplayLooding:near
   5  0001              extern _S_READ_ADC:near
   5  0001              extern _Display_2:byte
   5  0001              extern _Display:near
   5  0001              extern _builtin_holtek_mulhi3_2:byte
   5  0001              extern _builtin_holtek_mulhi3:near
   5  0001              extern _builtin_holtek_udivmodhi4_2:byte
   5  0001              extern _builtin_holtek_udivmodhi4:near
   5  0001              
   5  0001              ; 
   5  0001              ; Generated by holtek-gcc v3.19, Sun May 26 17:06:47 2024
   5  0001              ; Rebuild 718
   5  0001              ; end of file


        0 Errors, 0